mode: set
github.com/tj-smith47/smartthings-go/examples/oauth-server/main.go:31.13,37.42 4 0
github.com/tj-smith47/smartthings-go/examples/oauth-server/main.go:37.42,39.3 1 0
github.com/tj-smith47/smartthings-go/examples/oauth-server/main.go:40.2,40.23 1 0
github.com/tj-smith47/smartthings-go/examples/oauth-server/main.go:40.23,42.3 1 0
github.com/tj-smith47/smartthings-go/examples/oauth-server/main.go:45.2,58.16 5 0
github.com/tj-smith47/smartthings-go/examples/oauth-server/main.go:58.16,60.3 1 0
github.com/tj-smith47/smartthings-go/examples/oauth-server/main.go:63.2,70.16 7 0
github.com/tj-smith47/smartthings-go/examples/oauth-server/main.go:70.16,72.3 1 0
github.com/tj-smith47/smartthings-go/examples/oauth-server/main.go:74.2,76.47 3 0
github.com/tj-smith47/smartthings-go/examples/oauth-server/main.go:79.57,80.23 1 0
github.com/tj-smith47/smartthings-go/examples/oauth-server/main.go:80.23,83.3 2 0
github.com/tj-smith47/smartthings-go/examples/oauth-server/main.go:85.2,93.19 3 0
github.com/tj-smith47/smartthings-go/examples/oauth-server/main.go:93.19,100.3 1 0
github.com/tj-smith47/smartthings-go/examples/oauth-server/main.go:100.8,104.3 1 0
github.com/tj-smith47/smartthings-go/examples/oauth-server/main.go:106.2,108.21 3 0
github.com/tj-smith47/smartthings-go/examples/oauth-server/main.go:111.58,114.16 2 0
github.com/tj-smith47/smartthings-go/examples/oauth-server/main.go:114.16,117.3 2 0
github.com/tj-smith47/smartthings-go/examples/oauth-server/main.go:120.2,126.60 5 0
github.com/tj-smith47/smartthings-go/examples/oauth-server/main.go:129.61,131.60 1 0
github.com/tj-smith47/smartthings-go/examples/oauth-server/main.go:131.60,135.3 3 0
github.com/tj-smith47/smartthings-go/examples/oauth-server/main.go:138.2,144.12 6 0
github.com/tj-smith47/smartthings-go/examples/oauth-server/main.go:144.12,147.3 2 0
github.com/tj-smith47/smartthings-go/examples/oauth-server/main.go:150.2,151.16 2 0
github.com/tj-smith47/smartthings-go/examples/oauth-server/main.go:151.16,154.3 2 0
github.com/tj-smith47/smartthings-go/examples/oauth-server/main.go:156.2,157.55 2 0
github.com/tj-smith47/smartthings-go/examples/oauth-server/main.go:157.55,160.3 2 0
github.com/tj-smith47/smartthings-go/examples/oauth-server/main.go:163.2,163.56 1 0
github.com/tj-smith47/smartthings-go/examples/oauth-server/main.go:166.60,167.31 1 0
github.com/tj-smith47/smartthings-go/examples/oauth-server/main.go:167.31,170.3 2 0
github.com/tj-smith47/smartthings-go/examples/oauth-server/main.go:172.2,174.16 3 0
github.com/tj-smith47/smartthings-go/examples/oauth-server/main.go:174.16,177.3 2 0
github.com/tj-smith47/smartthings-go/examples/oauth-server/main.go:179.2,188.33 2 0
github.com/tj-smith47/smartthings-go/examples/oauth-server/main.go:188.33,191.3 1 0
github.com/tj-smith47/smartthings-go/examples/oauth-server/main.go:193.2,195.21 3 0
github.com/tj-smith47/smartthings-go/examples/oauth-server/main.go:198.59,200.48 2 0
github.com/tj-smith47/smartthings-go/examples/oauth-server/main.go:200.48,202.3 1 0
github.com/tj-smith47/smartthings-go/examples/oauth-server/main.go:203.2,203.56 1 0
github.com/tj-smith47/smartthings-go/examples/oauth-server/main.go:206.38,208.44 2 0
github.com/tj-smith47/smartthings-go/examples/oauth-server/main.go:208.44,210.3 1 0
github.com/tj-smith47/smartthings-go/examples/oauth-server/main.go:211.2,211.39 1 0
github.com/tj-smith47/smartthings-go/appliances.go:19.81,25.23 3 1
github.com/tj-smith47/smartthings-go/appliances.go:26.22,28.10 2 1
github.com/tj-smith47/smartthings-go/appliances.go:28.10,30.4 1 1
github.com/tj-smith47/smartthings-go/appliances.go:31.23,33.10 2 1
github.com/tj-smith47/smartthings-go/appliances.go:33.10,35.4 1 0
github.com/tj-smith47/smartthings-go/appliances.go:36.27,38.10 2 1
github.com/tj-smith47/smartthings-go/appliances.go:38.10,40.4 1 0
github.com/tj-smith47/smartthings-go/appliances.go:41.10,42.13 1 1
github.com/tj-smith47/smartthings-go/appliances.go:45.2,45.27 1 1
github.com/tj-smith47/smartthings-go/appliances.go:45.27,47.3 1 1
github.com/tj-smith47/smartthings-go/appliances.go:49.2,53.16 3 1
github.com/tj-smith47/smartthings-go/appliances.go:53.16,56.3 2 1
github.com/tj-smith47/smartthings-go/appliances.go:58.2,63.15 3 1
github.com/tj-smith47/smartthings-go/appliances.go:67.55,68.20 1 1
github.com/tj-smith47/smartthings-go/appliances.go:68.20,70.3 1 0
github.com/tj-smith47/smartthings-go/appliances.go:72.2,72.61 1 1
github.com/tj-smith47/smartthings-go/appliances.go:72.61,73.56 1 1
github.com/tj-smith47/smartthings-go/appliances.go:73.56,75.4 1 1
github.com/tj-smith47/smartthings-go/appliances.go:78.2,78.65 1 1
github.com/tj-smith47/smartthings-go/appliances.go:78.65,79.58 1 1
github.com/tj-smith47/smartthings-go/appliances.go:79.58,81.4 1 1
github.com/tj-smith47/smartthings-go/appliances.go:83.2,83.14 1 1
github.com/tj-smith47/smartthings-go/appliances.go:87.80,89.63 1 1
github.com/tj-smith47/smartthings-go/appliances.go:89.63,90.71 1 1
github.com/tj-smith47/smartthings-go/appliances.go:90.71,93.16 3 1
github.com/tj-smith47/smartthings-go/appliances.go:94.20,95.34 1 1
github.com/tj-smith47/smartthings-go/appliances.go:96.30,97.39 1 1
github.com/tj-smith47/smartthings-go/appliances.go:98.45,101.38 1 1
github.com/tj-smith47/smartthings-go/appliances.go:102.12,104.38 1 0
github.com/tj-smith47/smartthings-go/appliances.go:106.4,106.16 1 1
github.com/tj-smith47/smartthings-go/appliances.go:106.16,108.5 1 0
github.com/tj-smith47/smartthings-go/appliances.go:109.4,109.32 1 1
github.com/tj-smith47/smartthings-go/appliances.go:114.2,115.53 2 1
github.com/tj-smith47/smartthings-go/appliances.go:115.53,116.98 1 1
github.com/tj-smith47/smartthings-go/appliances.go:116.98,121.35 3 1
github.com/tj-smith47/smartthings-go/appliances.go:121.35,122.62 1 1
github.com/tj-smith47/smartthings-go/appliances.go:122.62,124.18 2 1
github.com/tj-smith47/smartthings-go/appliances.go:124.18,126.7 1 0
github.com/tj-smith47/smartthings-go/appliances.go:133.2,133.53 1 1
github.com/tj-smith47/smartthings-go/appliances.go:133.53,134.53 1 1
github.com/tj-smith47/smartthings-go/appliances.go:134.53,137.4 2 1
github.com/tj-smith47/smartthings-go/appliances.go:141.2,141.60 1 1
github.com/tj-smith47/smartthings-go/appliances.go:141.60,142.54 1 1
github.com/tj-smith47/smartthings-go/appliances.go:142.54,143.76 1 1
github.com/tj-smith47/smartthings-go/appliances.go:143.76,146.41 3 0
github.com/tj-smith47/smartthings-go/appliances.go:146.41,149.42 3 0
github.com/tj-smith47/smartthings-go/appliances.go:149.42,151.25 2 0
github.com/tj-smith47/smartthings-go/appliances.go:151.25,153.8 1 0
github.com/tj-smith47/smartthings-go/appliances.go:154.7,154.39 1 0
github.com/tj-smith47/smartthings-go/appliances.go:163.53,168.106 2 1
github.com/tj-smith47/smartthings-go/appliances.go:168.106,170.3 1 1
github.com/tj-smith47/smartthings-go/appliances.go:174.2,174.87 1 1
github.com/tj-smith47/smartthings-go/appliances.go:174.87,177.3 1 1
github.com/tj-smith47/smartthings-go/appliances.go:180.2,180.23 1 1
github.com/tj-smith47/smartthings-go/appliances.go:180.23,183.94 1 1
github.com/tj-smith47/smartthings-go/appliances.go:183.94,186.4 2 1
github.com/tj-smith47/smartthings-go/appliances.go:190.3,190.103 1 1
github.com/tj-smith47/smartthings-go/appliances.go:190.103,193.4 2 1
github.com/tj-smith47/smartthings-go/appliances.go:196.2,196.15 1 1
github.com/tj-smith47/smartthings-go/appliances.go:202.74,207.55 2 1
github.com/tj-smith47/smartthings-go/appliances.go:207.55,208.92 1 1
github.com/tj-smith47/smartthings-go/appliances.go:208.92,212.4 2 1
github.com/tj-smith47/smartthings-go/appliances.go:216.3,216.80 1 1
github.com/tj-smith47/smartthings-go/appliances.go:216.80,218.4 1 1
github.com/tj-smith47/smartthings-go/appliances.go:223.2,223.57 1 1
github.com/tj-smith47/smartthings-go/appliances.go:223.57,224.93 1 1
github.com/tj-smith47/smartthings-go/appliances.go:224.93,228.4 2 1
github.com/tj-smith47/smartthings-go/appliances.go:231.2,231.15 1 1
github.com/tj-smith47/smartthings-go/appliances.go:236.47,238.2 1 1
github.com/tj-smith47/smartthings-go/appliances.go:242.68,243.23 1 1
github.com/tj-smith47/smartthings-go/appliances.go:244.22,245.90 1 1
github.com/tj-smith47/smartthings-go/appliances.go:245.90,246.40 1 1
github.com/tj-smith47/smartthings-go/appliances.go:246.40,248.5 1 1
github.com/tj-smith47/smartthings-go/appliances.go:250.3,250.16 1 1
github.com/tj-smith47/smartthings-go/appliances.go:252.23,253.91 1 1
github.com/tj-smith47/smartthings-go/appliances.go:253.91,254.40 1 1
github.com/tj-smith47/smartthings-go/appliances.go:254.40,256.5 1 1
github.com/tj-smith47/smartthings-go/appliances.go:258.3,258.16 1 0
github.com/tj-smith47/smartthings-go/appliances.go:260.27,261.95 1 1
github.com/tj-smith47/smartthings-go/appliances.go:261.95,262.40 1 1
github.com/tj-smith47/smartthings-go/appliances.go:262.40,264.5 1 1
github.com/tj-smith47/smartthings-go/appliances.go:266.3,266.16 1 0
github.com/tj-smith47/smartthings-go/appliances.go:268.22,270.58 2 1
github.com/tj-smith47/smartthings-go/appliances.go:270.58,272.4 1 1
github.com/tj-smith47/smartthings-go/appliances.go:273.3,273.29 1 1
github.com/tj-smith47/smartthings-go/appliances.go:273.29,275.4 1 1
github.com/tj-smith47/smartthings-go/appliances.go:276.3,276.32 1 1
github.com/tj-smith47/smartthings-go/appliances.go:276.32,278.4 1 1
github.com/tj-smith47/smartthings-go/appliances.go:279.3,279.16 1 0
github.com/tj-smith47/smartthings-go/appliances.go:281.29,283.19 1 1
github.com/tj-smith47/smartthings-go/appliances.go:285.10,286.19 1 1
github.com/tj-smith47/smartthings-go/appliances.go:291.67,292.23 1 1
github.com/tj-smith47/smartthings-go/appliances.go:293.60,294.89 1 1
github.com/tj-smith47/smartthings-go/appliances.go:294.89,296.4 1 1
github.com/tj-smith47/smartthings-go/appliances.go:297.3,297.15 1 1
github.com/tj-smith47/smartthings-go/appliances.go:299.22,301.61 2 1
github.com/tj-smith47/smartthings-go/appliances.go:303.29,305.14 1 1
github.com/tj-smith47/smartthings-go/appliances.go:307.10,308.15 1 1
github.com/tj-smith47/smartthings-go/appliances.go:315.90,324.69 2 1
github.com/tj-smith47/smartthings-go/appliances.go:324.69,326.3 1 1
github.com/tj-smith47/smartthings-go/appliances.go:330.2,330.70 1 1
github.com/tj-smith47/smartthings-go/appliances.go:330.70,333.3 2 1
github.com/tj-smith47/smartthings-go/appliances.go:335.2,335.15 1 1
github.com/tj-smith47/smartthings-go/apps.go:98.63,100.16 2 1
github.com/tj-smith47/smartthings-go/apps.go:100.16,102.3 1 1
github.com/tj-smith47/smartthings-go/apps.go:104.2,105.52 2 1
github.com/tj-smith47/smartthings-go/apps.go:105.52,107.3 1 1
github.com/tj-smith47/smartthings-go/apps.go:109.2,109.24 1 1
github.com/tj-smith47/smartthings-go/apps.go:113.74,114.17 1 1
github.com/tj-smith47/smartthings-go/apps.go:114.17,116.3 1 1
github.com/tj-smith47/smartthings-go/apps.go:118.2,119.16 2 1
github.com/tj-smith47/smartthings-go/apps.go:119.16,121.3 1 1
github.com/tj-smith47/smartthings-go/apps.go:123.2,124.51 2 1
github.com/tj-smith47/smartthings-go/apps.go:124.51,126.3 1 1
github.com/tj-smith47/smartthings-go/apps.go:128.2,128.18 1 1
github.com/tj-smith47/smartthings-go/apps.go:132.79,133.37 1 1
github.com/tj-smith47/smartthings-go/apps.go:133.37,135.3 1 1
github.com/tj-smith47/smartthings-go/apps.go:137.2,138.16 2 1
github.com/tj-smith47/smartthings-go/apps.go:138.16,140.3 1 1
github.com/tj-smith47/smartthings-go/apps.go:142.2,143.55 2 1
github.com/tj-smith47/smartthings-go/apps.go:143.55,145.3 1 1
github.com/tj-smith47/smartthings-go/apps.go:147.2,147.22 1 1
github.com/tj-smith47/smartthings-go/apps.go:151.96,152.17 1 1
github.com/tj-smith47/smartthings-go/apps.go:152.17,154.3 1 1
github.com/tj-smith47/smartthings-go/apps.go:156.2,157.16 2 1
github.com/tj-smith47/smartthings-go/apps.go:157.16,159.3 1 1
github.com/tj-smith47/smartthings-go/apps.go:161.2,162.55 2 1
github.com/tj-smith47/smartthings-go/apps.go:162.55,164.3 1 1
github.com/tj-smith47/smartthings-go/apps.go:166.2,166.22 1 1
github.com/tj-smith47/smartthings-go/apps.go:170.69,171.17 1 1
github.com/tj-smith47/smartthings-go/apps.go:171.17,173.3 1 1
github.com/tj-smith47/smartthings-go/apps.go:175.2,176.12 2 1
github.com/tj-smith47/smartthings-go/apps.go:180.84,181.17 1 1
github.com/tj-smith47/smartthings-go/apps.go:181.17,183.3 1 1
github.com/tj-smith47/smartthings-go/apps.go:185.2,186.16 2 1
github.com/tj-smith47/smartthings-go/apps.go:186.16,188.3 1 1
github.com/tj-smith47/smartthings-go/apps.go:190.2,191.53 2 1
github.com/tj-smith47/smartthings-go/apps.go:191.53,193.3 1 1
github.com/tj-smith47/smartthings-go/apps.go:195.2,195.20 1 1
github.com/tj-smith47/smartthings-go/apps.go:199.104,200.17 1 1
github.com/tj-smith47/smartthings-go/apps.go:200.17,202.3 1 1
github.com/tj-smith47/smartthings-go/apps.go:204.2,205.16 2 1
github.com/tj-smith47/smartthings-go/apps.go:205.16,207.3 1 1
github.com/tj-smith47/smartthings-go/apps.go:209.2,210.55 2 1
github.com/tj-smith47/smartthings-go/apps.go:210.55,212.3 1 1
github.com/tj-smith47/smartthings-go/apps.go:214.2,214.22 1 1
github.com/tj-smith47/smartthings-go/apps.go:219.98,220.17 1 1
github.com/tj-smith47/smartthings-go/apps.go:220.17,222.3 1 1
github.com/tj-smith47/smartthings-go/apps.go:224.2,225.16 2 1
github.com/tj-smith47/smartthings-go/apps.go:225.16,227.3 1 1
github.com/tj-smith47/smartthings-go/apps.go:229.2,230.57 2 1
github.com/tj-smith47/smartthings-go/apps.go:230.57,232.3 1 1
github.com/tj-smith47/smartthings-go/apps.go:234.2,234.24 1 1
github.com/tj-smith47/smartthings-go/cache.go:40.36,44.2 1 1
github.com/tj-smith47/smartthings-go/cache.go:47.51,52.13 4 1
github.com/tj-smith47/smartthings-go/cache.go:52.13,54.3 1 1
github.com/tj-smith47/smartthings-go/cache.go:57.2,57.58 1 1
github.com/tj-smith47/smartthings-go/cache.go:57.58,61.3 2 1
github.com/tj-smith47/smartthings-go/cache.go:63.2,63.26 1 1
github.com/tj-smith47/smartthings-go/cache.go:67.69,72.14 2 1
github.com/tj-smith47/smartthings-go/cache.go:72.14,74.3 1 1
github.com/tj-smith47/smartthings-go/cache.go:74.8,76.3 1 1
github.com/tj-smith47/smartthings-go/cache.go:78.2,80.15 3 1
github.com/tj-smith47/smartthings-go/cache.go:84.42,88.2 3 1
github.com/tj-smith47/smartthings-go/cache.go:91.31,95.2 3 1
github.com/tj-smith47/smartthings-go/cache.go:98.34,102.2 3 1
github.com/tj-smith47/smartthings-go/cache.go:106.37,113.36 5 1
github.com/tj-smith47/smartthings-go/cache.go:113.36,114.52 1 1
github.com/tj-smith47/smartthings-go/cache.go:114.52,117.4 2 1
github.com/tj-smith47/smartthings-go/cache.go:120.2,120.16 1 1
github.com/tj-smith47/smartthings-go/cache.go:138.40,144.2 1 1
github.com/tj-smith47/smartthings-go/cache.go:147.58,149.25 2 1
github.com/tj-smith47/smartthings-go/cache.go:149.25,151.3 1 1
github.com/tj-smith47/smartthings-go/cache.go:152.2,152.12 1 1
github.com/tj-smith47/smartthings-go/cache.go:163.44,164.25 1 1
github.com/tj-smith47/smartthings-go/cache.go:164.25,165.20 1 1
github.com/tj-smith47/smartthings-go/cache.go:165.20,167.4 1 1
github.com/tj-smith47/smartthings-go/cache.go:168.3,168.26 1 1
github.com/tj-smith47/smartthings-go/cache.go:168.26,170.4 1 1
github.com/tj-smith47/smartthings-go/cache.go:171.3,171.32 1 1
github.com/tj-smith47/smartthings-go/cache.go:171.32,173.4 1 0
github.com/tj-smith47/smartthings-go/cache.go:174.3,174.35 1 1
github.com/tj-smith47/smartthings-go/cache.go:174.35,176.4 1 1
github.com/tj-smith47/smartthings-go/cache.go:177.3,177.25 1 1
github.com/tj-smith47/smartthings-go/cache.go:182.99,183.56 1 1
github.com/tj-smith47/smartthings-go/cache.go:183.56,185.3 1 0
github.com/tj-smith47/smartthings-go/cache.go:188.2,188.52 1 1
github.com/tj-smith47/smartthings-go/cache.go:188.52,190.3 1 1
github.com/tj-smith47/smartthings-go/cache.go:193.2,194.16 2 1
github.com/tj-smith47/smartthings-go/cache.go:194.16,196.3 1 1
github.com/tj-smith47/smartthings-go/cache.go:198.2,199.20 2 1
github.com/tj-smith47/smartthings-go/cache.go:203.46,204.56 1 1
github.com/tj-smith47/smartthings-go/cache.go:204.56,207.3 1 1
github.com/tj-smith47/smartthings-go/cache.go:211.70,212.56 1 1
github.com/tj-smith47/smartthings-go/cache.go:212.56,214.3 1 1
github.com/tj-smith47/smartthings-go/capabilities.go:64.87,66.16 2 1
github.com/tj-smith47/smartthings-go/capabilities.go:66.16,68.3 1 0
github.com/tj-smith47/smartthings-go/capabilities.go:70.2,71.52 2 1
github.com/tj-smith47/smartthings-go/capabilities.go:71.52,73.3 1 1
github.com/tj-smith47/smartthings-go/capabilities.go:75.2,75.24 1 1
github.com/tj-smith47/smartthings-go/capabilities.go:81.108,82.24 1 1
github.com/tj-smith47/smartthings-go/capabilities.go:82.24,84.3 1 1
github.com/tj-smith47/smartthings-go/capabilities.go:86.2,87.17 2 1
github.com/tj-smith47/smartthings-go/capabilities.go:87.17,89.3 1 1
github.com/tj-smith47/smartthings-go/capabilities.go:92.2,93.13 2 1
github.com/tj-smith47/smartthings-go/capabilities.go:93.13,95.60 2 1
github.com/tj-smith47/smartthings-go/capabilities.go:95.60,97.4 1 1
github.com/tj-smith47/smartthings-go/capabilities.go:98.3,98.17 1 1
github.com/tj-smith47/smartthings-go/capabilities.go:98.17,100.4 1 1
github.com/tj-smith47/smartthings-go/capabilities.go:101.3,101.35 1 1
github.com/tj-smith47/smartthings-go/capabilities.go:104.2,104.37 1 1
github.com/tj-smith47/smartthings-go/capabilities.go:108.89,110.16 2 1
github.com/tj-smith47/smartthings-go/capabilities.go:110.16,112.3 1 1
github.com/tj-smith47/smartthings-go/capabilities.go:114.2,115.51 2 1
github.com/tj-smith47/smartthings-go/capabilities.go:115.51,117.3 1 0
github.com/tj-smith47/smartthings-go/capabilities.go:119.2,119.18 1 1
github.com/tj-smith47/smartthings-go/capabilities.go:123.51,124.26 1 1
github.com/tj-smith47/smartthings-go/capabilities.go:124.26,126.3 1 1
github.com/tj-smith47/smartthings-go/capabilities.go:127.2,127.36 1 1
github.com/tj-smith47/smartthings-go/channels.go:79.97,82.17 2 1
github.com/tj-smith47/smartthings-go/channels.go:82.17,84.32 2 1
github.com/tj-smith47/smartthings-go/channels.go:84.32,86.4 1 1
github.com/tj-smith47/smartthings-go/channels.go:87.3,87.30 1 1
github.com/tj-smith47/smartthings-go/channels.go:87.30,89.4 1 1
github.com/tj-smith47/smartthings-go/channels.go:90.3,90.27 1 1
github.com/tj-smith47/smartthings-go/channels.go:90.27,92.4 1 1
github.com/tj-smith47/smartthings-go/channels.go:93.3,93.22 1 1
github.com/tj-smith47/smartthings-go/channels.go:93.22,95.4 1 1
github.com/tj-smith47/smartthings-go/channels.go:98.2,99.16 2 1
github.com/tj-smith47/smartthings-go/channels.go:99.16,101.3 1 1
github.com/tj-smith47/smartthings-go/channels.go:103.2,104.52 2 1
github.com/tj-smith47/smartthings-go/channels.go:104.52,106.3 1 1
github.com/tj-smith47/smartthings-go/channels.go:108.2,108.24 1 1
github.com/tj-smith47/smartthings-go/channels.go:112.86,113.21 1 1
github.com/tj-smith47/smartthings-go/channels.go:113.21,115.3 1 1
github.com/tj-smith47/smartthings-go/channels.go:117.2,118.16 2 1
github.com/tj-smith47/smartthings-go/channels.go:118.16,120.3 1 1
github.com/tj-smith47/smartthings-go/channels.go:122.2,123.55 2 1
github.com/tj-smith47/smartthings-go/channels.go:123.55,125.3 1 1
github.com/tj-smith47/smartthings-go/channels.go:127.2,127.22 1 1
github.com/tj-smith47/smartthings-go/channels.go:131.95,132.42 1 1
github.com/tj-smith47/smartthings-go/channels.go:132.42,134.3 1 1
github.com/tj-smith47/smartthings-go/channels.go:136.2,137.16 2 1
github.com/tj-smith47/smartthings-go/channels.go:137.16,139.3 1 1
github.com/tj-smith47/smartthings-go/channels.go:141.2,142.55 2 1
github.com/tj-smith47/smartthings-go/channels.go:142.55,144.3 1 1
github.com/tj-smith47/smartthings-go/channels.go:146.2,146.22 1 1
github.com/tj-smith47/smartthings-go/channels.go:150.112,151.21 1 1
github.com/tj-smith47/smartthings-go/channels.go:151.21,153.3 1 1
github.com/tj-smith47/smartthings-go/channels.go:155.2,156.16 2 1
github.com/tj-smith47/smartthings-go/channels.go:156.16,158.3 1 1
github.com/tj-smith47/smartthings-go/channels.go:160.2,161.55 2 1
github.com/tj-smith47/smartthings-go/channels.go:161.55,163.3 1 1
github.com/tj-smith47/smartthings-go/channels.go:165.2,165.22 1 1
github.com/tj-smith47/smartthings-go/channels.go:169.77,170.21 1 1
github.com/tj-smith47/smartthings-go/channels.go:170.21,172.3 1 1
github.com/tj-smith47/smartthings-go/channels.go:174.2,175.12 2 1
github.com/tj-smith47/smartthings-go/channels.go:179.109,180.21 1 1
github.com/tj-smith47/smartthings-go/channels.go:180.21,182.3 1 1
github.com/tj-smith47/smartthings-go/channels.go:184.2,185.16 2 1
github.com/tj-smith47/smartthings-go/channels.go:185.16,187.3 1 1
github.com/tj-smith47/smartthings-go/channels.go:189.2,190.52 2 1
github.com/tj-smith47/smartthings-go/channels.go:190.52,192.3 1 1
github.com/tj-smith47/smartthings-go/channels.go:194.2,194.24 1 1
github.com/tj-smith47/smartthings-go/channels.go:198.120,199.21 1 1
github.com/tj-smith47/smartthings-go/channels.go:199.21,201.3 1 1
github.com/tj-smith47/smartthings-go/channels.go:202.2,202.20 1 1
github.com/tj-smith47/smartthings-go/channels.go:202.20,204.3 1 1
github.com/tj-smith47/smartthings-go/channels.go:205.2,205.19 1 1
github.com/tj-smith47/smartthings-go/channels.go:205.19,207.3 1 0
github.com/tj-smith47/smartthings-go/channels.go:209.2,215.16 3 1
github.com/tj-smith47/smartthings-go/channels.go:215.16,217.3 1 1
github.com/tj-smith47/smartthings-go/channels.go:219.2,220.55 2 1
github.com/tj-smith47/smartthings-go/channels.go:220.55,222.3 1 1
github.com/tj-smith47/smartthings-go/channels.go:224.2,224.22 1 1
github.com/tj-smith47/smartthings-go/channels.go:228.88,229.21 1 1
github.com/tj-smith47/smartthings-go/channels.go:229.21,231.3 1 1
github.com/tj-smith47/smartthings-go/channels.go:232.2,232.20 1 1
github.com/tj-smith47/smartthings-go/channels.go:232.20,234.3 1 1
github.com/tj-smith47/smartthings-go/channels.go:236.2,237.12 2 1
github.com/tj-smith47/smartthings-go/channels.go:241.113,242.21 1 1
github.com/tj-smith47/smartthings-go/channels.go:242.21,244.3 1 1
github.com/tj-smith47/smartthings-go/channels.go:245.2,245.20 1 1
github.com/tj-smith47/smartthings-go/channels.go:245.20,247.3 1 1
github.com/tj-smith47/smartthings-go/channels.go:249.2,250.16 2 1
github.com/tj-smith47/smartthings-go/channels.go:250.16,252.3 1 1
github.com/tj-smith47/smartthings-go/channels.go:254.2,255.54 2 1
github.com/tj-smith47/smartthings-go/channels.go:255.54,257.3 1 1
github.com/tj-smith47/smartthings-go/channels.go:259.2,259.21 1 1
github.com/tj-smith47/smartthings-go/channels.go:263.80,264.21 1 1
github.com/tj-smith47/smartthings-go/channels.go:264.21,266.3 1 1
github.com/tj-smith47/smartthings-go/channels.go:267.2,267.17 1 1
github.com/tj-smith47/smartthings-go/channels.go:267.17,269.3 1 1
github.com/tj-smith47/smartthings-go/channels.go:271.2,276.12 3 1
github.com/tj-smith47/smartthings-go/channels.go:280.82,281.21 1 1
github.com/tj-smith47/smartthings-go/channels.go:281.21,283.3 1 1
github.com/tj-smith47/smartthings-go/channels.go:284.2,284.17 1 1
github.com/tj-smith47/smartthings-go/channels.go:284.17,286.3 1 1
github.com/tj-smith47/smartthings-go/channels.go:288.2,289.12 2 1
github.com/tj-smith47/smartthings-go/client.go:37.40,44.2 1 1
github.com/tj-smith47/smartthings-go/client.go:73.37,74.25 1 1
github.com/tj-smith47/smartthings-go/client.go:74.25,76.3 1 1
github.com/tj-smith47/smartthings-go/client.go:80.49,81.25 1 1
github.com/tj-smith47/smartthings-go/client.go:81.25,83.3 1 1
github.com/tj-smith47/smartthings-go/client.go:88.48,89.25 1 1
github.com/tj-smith47/smartthings-go/client.go:89.25,90.26 1 1
github.com/tj-smith47/smartthings-go/client.go:90.26,92.4 1 1
github.com/tj-smith47/smartthings-go/client.go:93.3,93.33 1 1
github.com/tj-smith47/smartthings-go/client.go:99.44,100.25 1 1
github.com/tj-smith47/smartthings-go/client.go:100.25,102.3 1 1
github.com/tj-smith47/smartthings-go/client.go:107.63,108.25 1 1
github.com/tj-smith47/smartthings-go/client.go:108.25,110.3 1 1
github.com/tj-smith47/smartthings-go/client.go:115.63,116.17 1 1
github.com/tj-smith47/smartthings-go/client.go:116.17,118.3 1 1
github.com/tj-smith47/smartthings-go/client.go:120.2,134.27 2 1
github.com/tj-smith47/smartthings-go/client.go:134.27,136.3 1 1
github.com/tj-smith47/smartthings-go/client.go:138.2,138.15 1 1
github.com/tj-smith47/smartthings-go/client.go:142.89,146.17 3 1
github.com/tj-smith47/smartthings-go/client.go:146.17,148.17 2 1
github.com/tj-smith47/smartthings-go/client.go:148.17,150.4 1 0
github.com/tj-smith47/smartthings-go/client.go:151.3,151.34 1 1
github.com/tj-smith47/smartthings-go/client.go:154.2,155.16 2 1
github.com/tj-smith47/smartthings-go/client.go:155.16,157.3 1 0
github.com/tj-smith47/smartthings-go/client.go:159.2,161.17 3 1
github.com/tj-smith47/smartthings-go/client.go:161.17,163.3 1 1
github.com/tj-smith47/smartthings-go/client.go:165.2,166.16 2 1
github.com/tj-smith47/smartthings-go/client.go:166.16,168.3 1 1
github.com/tj-smith47/smartthings-go/client.go:169.2,175.16 4 1
github.com/tj-smith47/smartthings-go/client.go:175.16,177.3 1 0
github.com/tj-smith47/smartthings-go/client.go:179.2,179.28 1 1
github.com/tj-smith47/smartthings-go/client.go:179.28,181.3 1 1
github.com/tj-smith47/smartthings-go/client.go:183.2,183.22 1 1
github.com/tj-smith47/smartthings-go/client.go:187.60,193.51 4 1
github.com/tj-smith47/smartthings-go/client.go:193.51,195.3 1 1
github.com/tj-smith47/smartthings-go/client.go:197.2,199.17 2 1
github.com/tj-smith47/smartthings-go/client.go:199.17,200.48 1 1
github.com/tj-smith47/smartthings-go/client.go:200.48,202.4 1 1
github.com/tj-smith47/smartthings-go/client.go:205.2,205.21 1 1
github.com/tj-smith47/smartthings-go/client.go:205.21,206.52 1 1
github.com/tj-smith47/smartthings-go/client.go:206.52,208.4 1 1
github.com/tj-smith47/smartthings-go/client.go:211.2,211.17 1 1
github.com/tj-smith47/smartthings-go/client.go:211.17,212.60 1 1
github.com/tj-smith47/smartthings-go/client.go:212.60,214.4 1 1
github.com/tj-smith47/smartthings-go/client.go:218.2,223.32 4 1
github.com/tj-smith47/smartthings-go/client.go:223.32,225.3 1 1
github.com/tj-smith47/smartthings-go/client.go:229.65,230.20 1 1
github.com/tj-smith47/smartthings-go/client.go:231.31,232.25 1 1
github.com/tj-smith47/smartthings-go/client.go:233.27,234.21 1 1
github.com/tj-smith47/smartthings-go/client.go:235.34,236.24 1 1
github.com/tj-smith47/smartthings-go/client.go:237.37,238.26 1 0
github.com/tj-smith47/smartthings-go/client.go:239.10,248.87 2 1
github.com/tj-smith47/smartthings-go/client.go:248.87,254.4 1 1
github.com/tj-smith47/smartthings-go/client.go:255.3,258.4 1 1
github.com/tj-smith47/smartthings-go/client.go:264.41,266.2 1 1
github.com/tj-smith47/smartthings-go/client.go:269.33,271.2 1 1
github.com/tj-smith47/smartthings-go/client.go:275.49,278.28 3 1
github.com/tj-smith47/smartthings-go/client.go:278.28,280.3 1 1
github.com/tj-smith47/smartthings-go/client.go:282.2,283.14 2 1
github.com/tj-smith47/smartthings-go/client.go:287.72,289.2 1 1
github.com/tj-smith47/smartthings-go/client.go:292.83,294.2 1 1
github.com/tj-smith47/smartthings-go/client.go:297.82,299.2 1 1
github.com/tj-smith47/smartthings-go/client.go:302.84,304.2 1 1
github.com/tj-smith47/smartthings-go/client.go:307.75,309.2 1 1
github.com/tj-smith47/smartthings-go/client.go:312.98,313.26 1 1
github.com/tj-smith47/smartthings-go/client.go:313.26,315.3 1 1
github.com/tj-smith47/smartthings-go/client.go:317.2,320.67 3 1
github.com/tj-smith47/smartthings-go/client.go:320.67,322.17 2 1
github.com/tj-smith47/smartthings-go/client.go:322.17,324.4 1 1
github.com/tj-smith47/smartthings-go/client.go:327.3,327.26 1 1
github.com/tj-smith47/smartthings-go/client.go:327.26,329.4 1 1
github.com/tj-smith47/smartthings-go/client.go:331.3,333.41 2 1
github.com/tj-smith47/smartthings-go/client.go:333.41,334.11 1 1
github.com/tj-smith47/smartthings-go/client.go:335.22,336.26 1 1
github.com/tj-smith47/smartthings-go/client.go:337.31,339.43 2 1
github.com/tj-smith47/smartthings-go/client.go:339.43,341.6 1 0
github.com/tj-smith47/smartthings-go/client.go:346.2,346.21 1 1
github.com/tj-smith47/smartthings-go/client.go:350.46,351.24 1 1
github.com/tj-smith47/smartthings-go/client.go:351.24,353.3 1 1
github.com/tj-smith47/smartthings-go/client.go:354.2,354.20 1 1
github.com/tj-smith47/smartthings-go/client.go:354.20,356.3 1 0
github.com/tj-smith47/smartthings-go/client.go:357.2,358.29 2 1
github.com/tj-smith47/smartthings-go/client.go:358.29,361.3 1 1
github.com/tj-smith47/smartthings-go/client.go:362.2,362.14 1 1
github.com/tj-smith47/smartthings-go/devicepreferences.go:120.107,122.21 2 1
github.com/tj-smith47/smartthings-go/devicepreferences.go:122.21,124.3 1 1
github.com/tj-smith47/smartthings-go/devicepreferences.go:126.2,127.16 2 1
github.com/tj-smith47/smartthings-go/devicepreferences.go:127.16,129.3 1 1
github.com/tj-smith47/smartthings-go/devicepreferences.go:131.2,132.52 2 1
github.com/tj-smith47/smartthings-go/devicepreferences.go:132.52,134.3 1 1
github.com/tj-smith47/smartthings-go/devicepreferences.go:136.2,136.24 1 1
github.com/tj-smith47/smartthings-go/devicepreferences.go:140.107,141.24 1 1
github.com/tj-smith47/smartthings-go/devicepreferences.go:141.24,143.3 1 1
github.com/tj-smith47/smartthings-go/devicepreferences.go:145.2,146.16 2 1
github.com/tj-smith47/smartthings-go/devicepreferences.go:146.16,148.3 1 1
github.com/tj-smith47/smartthings-go/devicepreferences.go:150.2,151.52 2 1
github.com/tj-smith47/smartthings-go/devicepreferences.go:151.52,153.3 1 1
github.com/tj-smith47/smartthings-go/devicepreferences.go:155.2,155.19 1 1
github.com/tj-smith47/smartthings-go/devicepreferences.go:159.119,160.36 1 1
github.com/tj-smith47/smartthings-go/devicepreferences.go:160.36,162.3 1 1
github.com/tj-smith47/smartthings-go/devicepreferences.go:164.2,165.16 2 1
github.com/tj-smith47/smartthings-go/devicepreferences.go:165.16,167.3 1 1
github.com/tj-smith47/smartthings-go/devicepreferences.go:169.2,170.55 2 1
github.com/tj-smith47/smartthings-go/devicepreferences.go:170.55,172.3 1 1
github.com/tj-smith47/smartthings-go/devicepreferences.go:174.2,174.22 1 1
github.com/tj-smith47/smartthings-go/devicepreferences.go:178.134,179.24 1 1
github.com/tj-smith47/smartthings-go/devicepreferences.go:179.24,181.3 1 1
github.com/tj-smith47/smartthings-go/devicepreferences.go:183.2,184.16 2 1
github.com/tj-smith47/smartthings-go/devicepreferences.go:184.16,186.3 1 1
github.com/tj-smith47/smartthings-go/devicepreferences.go:188.2,189.55 2 1
github.com/tj-smith47/smartthings-go/devicepreferences.go:189.55,191.3 1 1
github.com/tj-smith47/smartthings-go/devicepreferences.go:193.2,193.22 1 1
github.com/tj-smith47/smartthings-go/devicepreferences.go:197.160,198.24 1 1
github.com/tj-smith47/smartthings-go/devicepreferences.go:198.24,200.3 1 1
github.com/tj-smith47/smartthings-go/devicepreferences.go:201.2,201.51 1 1
github.com/tj-smith47/smartthings-go/devicepreferences.go:201.51,203.3 1 1
github.com/tj-smith47/smartthings-go/devicepreferences.go:205.2,206.16 2 1
github.com/tj-smith47/smartthings-go/devicepreferences.go:206.16,208.3 1 1
github.com/tj-smith47/smartthings-go/devicepreferences.go:210.2,211.55 2 1
github.com/tj-smith47/smartthings-go/devicepreferences.go:211.55,213.3 1 0
github.com/tj-smith47/smartthings-go/devicepreferences.go:215.2,215.22 1 1
github.com/tj-smith47/smartthings-go/devicepreferences.go:219.127,220.24 1 1
github.com/tj-smith47/smartthings-go/devicepreferences.go:220.24,222.3 1 1
github.com/tj-smith47/smartthings-go/devicepreferences.go:223.2,223.18 1 1
github.com/tj-smith47/smartthings-go/devicepreferences.go:223.18,225.3 1 1
github.com/tj-smith47/smartthings-go/devicepreferences.go:227.2,228.16 2 1
github.com/tj-smith47/smartthings-go/devicepreferences.go:228.16,230.3 1 1
github.com/tj-smith47/smartthings-go/devicepreferences.go:232.2,233.60 2 1
github.com/tj-smith47/smartthings-go/devicepreferences.go:233.60,235.3 1 1
github.com/tj-smith47/smartthings-go/devicepreferences.go:237.2,237.27 1 1
github.com/tj-smith47/smartthings-go/devicepreferences.go:241.114,242.24 1 1
github.com/tj-smith47/smartthings-go/devicepreferences.go:242.24,244.3 1 1
github.com/tj-smith47/smartthings-go/devicepreferences.go:246.2,247.16 2 1
github.com/tj-smith47/smartthings-go/devicepreferences.go:247.16,249.3 1 1
github.com/tj-smith47/smartthings-go/devicepreferences.go:251.2,252.52 2 1
github.com/tj-smith47/smartthings-go/devicepreferences.go:252.52,254.3 1 1
github.com/tj-smith47/smartthings-go/devicepreferences.go:256.2,256.24 1 1
github.com/tj-smith47/smartthings-go/devicepreferences.go:260.160,261.24 1 1
github.com/tj-smith47/smartthings-go/devicepreferences.go:261.24,263.3 1 1
github.com/tj-smith47/smartthings-go/devicepreferences.go:264.2,264.51 1 1
github.com/tj-smith47/smartthings-go/devicepreferences.go:264.51,266.3 1 1
github.com/tj-smith47/smartthings-go/devicepreferences.go:268.2,269.16 2 1
github.com/tj-smith47/smartthings-go/devicepreferences.go:269.16,271.3 1 1
github.com/tj-smith47/smartthings-go/devicepreferences.go:273.2,274.55 2 1
github.com/tj-smith47/smartthings-go/devicepreferences.go:274.55,276.3 1 0
github.com/tj-smith47/smartthings-go/devicepreferences.go:278.2,278.22 1 1
github.com/tj-smith47/smartthings-go/deviceprofiles.go:78.87,80.16 2 1
github.com/tj-smith47/smartthings-go/deviceprofiles.go:80.16,82.3 1 1
github.com/tj-smith47/smartthings-go/deviceprofiles.go:84.2,85.52 2 1
github.com/tj-smith47/smartthings-go/deviceprofiles.go:85.52,87.3 1 1
github.com/tj-smith47/smartthings-go/deviceprofiles.go:89.2,89.24 1 1
github.com/tj-smith47/smartthings-go/deviceprofiles.go:94.102,95.21 1 1
github.com/tj-smith47/smartthings-go/deviceprofiles.go:95.21,97.3 1 1
github.com/tj-smith47/smartthings-go/deviceprofiles.go:100.2,101.13 2 1
github.com/tj-smith47/smartthings-go/deviceprofiles.go:101.13,103.60 2 1
github.com/tj-smith47/smartthings-go/deviceprofiles.go:103.60,105.4 1 1
github.com/tj-smith47/smartthings-go/deviceprofiles.go:106.3,106.17 1 1
github.com/tj-smith47/smartthings-go/deviceprofiles.go:106.17,108.4 1 0
github.com/tj-smith47/smartthings-go/deviceprofiles.go:109.3,109.42 1 1
github.com/tj-smith47/smartthings-go/deviceprofiles.go:112.2,112.45 1 1
github.com/tj-smith47/smartthings-go/deviceprofiles.go:116.104,118.16 2 1
github.com/tj-smith47/smartthings-go/deviceprofiles.go:118.16,120.3 1 1
github.com/tj-smith47/smartthings-go/deviceprofiles.go:122.2,123.55 2 1
github.com/tj-smith47/smartthings-go/deviceprofiles.go:123.55,125.3 1 0
github.com/tj-smith47/smartthings-go/deviceprofiles.go:127.2,127.22 1 1
github.com/tj-smith47/smartthings-go/deviceprofiles.go:131.54,132.26 1 1
github.com/tj-smith47/smartthings-go/deviceprofiles.go:132.26,134.3 1 1
github.com/tj-smith47/smartthings-go/deviceprofiles.go:135.2,135.39 1 1
github.com/tj-smith47/smartthings-go/deviceprofiles.go:139.117,140.42 1 1
github.com/tj-smith47/smartthings-go/deviceprofiles.go:140.42,142.3 1 1
github.com/tj-smith47/smartthings-go/deviceprofiles.go:144.2,145.16 2 1
github.com/tj-smith47/smartthings-go/deviceprofiles.go:145.16,147.3 1 0
github.com/tj-smith47/smartthings-go/deviceprofiles.go:149.2,150.55 2 1
github.com/tj-smith47/smartthings-go/deviceprofiles.go:150.55,152.3 1 0
github.com/tj-smith47/smartthings-go/deviceprofiles.go:154.2,154.22 1 1
github.com/tj-smith47/smartthings-go/deviceprofiles.go:158.134,159.21 1 1
github.com/tj-smith47/smartthings-go/deviceprofiles.go:159.21,161.3 1 1
github.com/tj-smith47/smartthings-go/deviceprofiles.go:163.2,164.16 2 1
github.com/tj-smith47/smartthings-go/deviceprofiles.go:164.16,166.3 1 0
github.com/tj-smith47/smartthings-go/deviceprofiles.go:168.2,169.55 2 1
github.com/tj-smith47/smartthings-go/deviceprofiles.go:169.55,171.3 1 0
github.com/tj-smith47/smartthings-go/deviceprofiles.go:173.2,173.22 1 1
github.com/tj-smith47/smartthings-go/deviceprofiles.go:177.83,178.21 1 1
github.com/tj-smith47/smartthings-go/deviceprofiles.go:178.21,180.3 1 1
github.com/tj-smith47/smartthings-go/deviceprofiles.go:182.2,183.12 2 1
github.com/tj-smith47/smartthings-go/devices.go:12.42,14.18 2 1
github.com/tj-smith47/smartthings-go/devices.go:14.18,16.3 1 0
github.com/tj-smith47/smartthings-go/devices.go:17.2,17.10 1 1
github.com/tj-smith47/smartthings-go/devices.go:22.69,24.16 2 1
github.com/tj-smith47/smartthings-go/devices.go:24.16,26.3 1 1
github.com/tj-smith47/smartthings-go/devices.go:28.2,29.52 2 1
github.com/tj-smith47/smartthings-go/devices.go:29.52,31.3 1 1
github.com/tj-smith47/smartthings-go/devices.go:33.2,33.24 1 1
github.com/tj-smith47/smartthings-go/devices.go:37.111,39.17 2 1
github.com/tj-smith47/smartthings-go/devices.go:39.17,41.39 2 1
github.com/tj-smith47/smartthings-go/devices.go:41.39,43.4 1 1
github.com/tj-smith47/smartthings-go/devices.go:44.3,44.39 1 1
github.com/tj-smith47/smartthings-go/devices.go:44.39,46.4 1 1
github.com/tj-smith47/smartthings-go/devices.go:47.3,47.36 1 1
github.com/tj-smith47/smartthings-go/devices.go:47.36,49.4 1 1
github.com/tj-smith47/smartthings-go/devices.go:50.3,50.22 1 1
github.com/tj-smith47/smartthings-go/devices.go:50.22,52.4 1 0
github.com/tj-smith47/smartthings-go/devices.go:53.3,53.19 1 1
github.com/tj-smith47/smartthings-go/devices.go:53.19,55.4 1 1
github.com/tj-smith47/smartthings-go/devices.go:56.3,56.20 1 1
github.com/tj-smith47/smartthings-go/devices.go:56.20,58.4 1 1
github.com/tj-smith47/smartthings-go/devices.go:59.3,59.29 1 1
github.com/tj-smith47/smartthings-go/devices.go:59.29,61.4 1 0
github.com/tj-smith47/smartthings-go/devices.go:62.3,62.48 1 1
github.com/tj-smith47/smartthings-go/devices.go:62.48,64.4 1 1
github.com/tj-smith47/smartthings-go/devices.go:67.2,68.16 2 1
github.com/tj-smith47/smartthings-go/devices.go:68.16,70.3 1 0
github.com/tj-smith47/smartthings-go/devices.go:72.2,73.52 2 1
github.com/tj-smith47/smartthings-go/devices.go:73.52,75.3 1 0
github.com/tj-smith47/smartthings-go/devices.go:77.2,77.19 1 1
github.com/tj-smith47/smartthings-go/devices.go:81.72,85.6 3 1
github.com/tj-smith47/smartthings-go/devices.go:85.6,90.17 2 1
github.com/tj-smith47/smartthings-go/devices.go:90.17,92.4 1 0
github.com/tj-smith47/smartthings-go/devices.go:94.3,96.52 2 1
github.com/tj-smith47/smartthings-go/devices.go:96.52,97.9 1 1
github.com/tj-smith47/smartthings-go/devices.go:99.3,99.9 1 1
github.com/tj-smith47/smartthings-go/devices.go:102.2,102.24 1 1
github.com/tj-smith47/smartthings-go/devices.go:106.83,107.20 1 1
github.com/tj-smith47/smartthings-go/devices.go:107.20,109.3 1 1
github.com/tj-smith47/smartthings-go/devices.go:110.2,111.16 2 1
github.com/tj-smith47/smartthings-go/devices.go:111.16,113.3 1 1
github.com/tj-smith47/smartthings-go/devices.go:115.2,116.54 2 1
github.com/tj-smith47/smartthings-go/devices.go:116.54,118.3 1 0
github.com/tj-smith47/smartthings-go/devices.go:120.2,120.21 1 1
github.com/tj-smith47/smartthings-go/devices.go:124.88,125.20 1 1
github.com/tj-smith47/smartthings-go/devices.go:125.20,127.3 1 1
github.com/tj-smith47/smartthings-go/devices.go:128.2,129.16 2 1
github.com/tj-smith47/smartthings-go/devices.go:129.16,131.3 1 0
github.com/tj-smith47/smartthings-go/devices.go:133.2,134.54 2 1
github.com/tj-smith47/smartthings-go/devices.go:134.54,136.3 1 0
github.com/tj-smith47/smartthings-go/devices.go:138.2,138.20 1 1
github.com/tj-smith47/smartthings-go/devices.go:143.103,144.20 1 1
github.com/tj-smith47/smartthings-go/devices.go:144.20,146.3 1 1
github.com/tj-smith47/smartthings-go/devices.go:147.2,148.16 2 1
github.com/tj-smith47/smartthings-go/devices.go:148.16,150.3 1 0
github.com/tj-smith47/smartthings-go/devices.go:152.2,155.52 2 1
github.com/tj-smith47/smartthings-go/devices.go:155.52,157.3 1 0
github.com/tj-smith47/smartthings-go/devices.go:159.2,159.29 1 1
github.com/tj-smith47/smartthings-go/devices.go:164.101,166.16 2 1
github.com/tj-smith47/smartthings-go/devices.go:166.16,168.3 1 0
github.com/tj-smith47/smartthings-go/devices.go:171.2,172.55 2 1
github.com/tj-smith47/smartthings-go/devices.go:172.55,174.3 1 1
github.com/tj-smith47/smartthings-go/devices.go:176.2,176.20 1 1
github.com/tj-smith47/smartthings-go/devices.go:180.104,181.20 1 1
github.com/tj-smith47/smartthings-go/devices.go:181.20,183.3 1 1
github.com/tj-smith47/smartthings-go/devices.go:184.2,184.23 1 1
github.com/tj-smith47/smartthings-go/devices.go:184.23,186.3 1 1
github.com/tj-smith47/smartthings-go/devices.go:187.2,188.16 2 1
github.com/tj-smith47/smartthings-go/devices.go:188.16,190.3 1 0
github.com/tj-smith47/smartthings-go/devices.go:192.2,193.54 2 1
github.com/tj-smith47/smartthings-go/devices.go:193.54,195.3 1 0
github.com/tj-smith47/smartthings-go/devices.go:197.2,197.20 1 1
github.com/tj-smith47/smartthings-go/devices.go:201.90,203.2 1 1
github.com/tj-smith47/smartthings-go/devices.go:206.94,207.20 1 1
github.com/tj-smith47/smartthings-go/devices.go:207.20,209.3 1 1
github.com/tj-smith47/smartthings-go/devices.go:211.2,211.22 1 1
github.com/tj-smith47/smartthings-go/devices.go:211.22,212.30 1 1
github.com/tj-smith47/smartthings-go/devices.go:212.30,214.4 1 0
github.com/tj-smith47/smartthings-go/devices.go:217.2,219.12 3 1
github.com/tj-smith47/smartthings-go/devices.go:223.75,224.20 1 1
github.com/tj-smith47/smartthings-go/devices.go:224.20,226.3 1 1
github.com/tj-smith47/smartthings-go/devices.go:227.2,228.12 2 1
github.com/tj-smith47/smartthings-go/devices.go:232.108,233.20 1 1
github.com/tj-smith47/smartthings-go/devices.go:233.20,235.3 1 1
github.com/tj-smith47/smartthings-go/devices.go:237.2,238.16 2 1
github.com/tj-smith47/smartthings-go/devices.go:238.16,240.3 1 0
github.com/tj-smith47/smartthings-go/devices.go:242.2,243.54 2 1
github.com/tj-smith47/smartthings-go/devices.go:243.54,245.3 1 0
github.com/tj-smith47/smartthings-go/devices.go:247.2,247.21 1 1
github.com/tj-smith47/smartthings-go/devices.go:251.95,252.20 1 1
github.com/tj-smith47/smartthings-go/devices.go:252.20,254.3 1 1
github.com/tj-smith47/smartthings-go/devices.go:256.2,257.16 2 1
github.com/tj-smith47/smartthings-go/devices.go:257.16,259.3 1 0
github.com/tj-smith47/smartthings-go/devices.go:261.2,262.54 2 1
github.com/tj-smith47/smartthings-go/devices.go:262.54,264.3 1 0
github.com/tj-smith47/smartthings-go/devices.go:266.2,266.21 1 1
github.com/tj-smith47/smartthings-go/devices.go:270.66,277.2 1 1
github.com/tj-smith47/smartthings-go/devices.go:280.86,287.2 1 1
github.com/tj-smith47/smartthings-go/devices.go:290.73,292.28 2 1
github.com/tj-smith47/smartthings-go/devices.go:292.28,293.16 1 1
github.com/tj-smith47/smartthings-go/devices.go:293.16,295.4 1 1
github.com/tj-smith47/smartthings-go/devices.go:297.2,297.15 1 1
github.com/tj-smith47/smartthings-go/devices.go:301.75,302.52 1 1
github.com/tj-smith47/smartthings-go/devices.go:302.52,304.3 1 1
github.com/tj-smith47/smartthings-go/devices.go:309.64,310.25 1 1
github.com/tj-smith47/smartthings-go/devices.go:310.25,311.32 1 1
github.com/tj-smith47/smartthings-go/devices.go:311.32,313.4 1 1
github.com/tj-smith47/smartthings-go/devices.go:315.2,315.12 1 1
github.com/tj-smith47/smartthings-go/devices.go:320.64,321.25 1 1
github.com/tj-smith47/smartthings-go/devices.go:321.25,322.38 1 1
github.com/tj-smith47/smartthings-go/devices.go:322.38,324.4 1 1
github.com/tj-smith47/smartthings-go/devices.go:326.2,326.12 1 1
github.com/tj-smith47/smartthings-go/discovery.go:69.53,70.18 1 1
github.com/tj-smith47/smartthings-go/discovery.go:70.18,72.3 1 1
github.com/tj-smith47/smartthings-go/discovery.go:73.2,73.37 1 1
github.com/tj-smith47/smartthings-go/discovery.go:78.76,79.88 1 1
github.com/tj-smith47/smartthings-go/discovery.go:79.88,89.42 4 1
github.com/tj-smith47/smartthings-go/discovery.go:89.42,91.4 1 1
github.com/tj-smith47/smartthings-go/discovery.go:93.3,95.15 3 1
github.com/tj-smith47/smartthings-go/discovery.go:95.15,97.4 1 0
github.com/tj-smith47/smartthings-go/discovery.go:99.3,106.4 1 1
github.com/tj-smith47/smartthings-go/discovery.go:112.74,124.35 4 1
github.com/tj-smith47/smartthings-go/discovery.go:124.35,126.17 2 1
github.com/tj-smith47/smartthings-go/discovery.go:126.17,127.12 1 1
github.com/tj-smith47/smartthings-go/discovery.go:129.3,129.32 1 1
github.com/tj-smith47/smartthings-go/discovery.go:132.2,132.17 1 1
github.com/tj-smith47/smartthings-go/discovery.go:136.149,138.16 2 1
github.com/tj-smith47/smartthings-go/discovery.go:138.16,140.3 1 0
github.com/tj-smith47/smartthings-go/discovery.go:141.2,145.16 3 1
github.com/tj-smith47/smartthings-go/discovery.go:145.16,147.3 1 0
github.com/tj-smith47/smartthings-go/discovery.go:150.2,163.63 2 1
github.com/tj-smith47/smartthings-go/discovery.go:163.63,165.3 1 0
github.com/tj-smith47/smartthings-go/discovery.go:168.2,175.6 6 1
github.com/tj-smith47/smartthings-go/discovery.go:175.6,176.10 1 1
github.com/tj-smith47/smartthings-go/discovery.go:177.21,178.26 1 1
github.com/tj-smith47/smartthings-go/discovery.go:179.11,179.11 0 1
github.com/tj-smith47/smartthings-go/discovery.go:182.3,183.17 2 1
github.com/tj-smith47/smartthings-go/discovery.go:183.17,184.61 1 1
github.com/tj-smith47/smartthings-go/discovery.go:184.61,185.10 1 1
github.com/tj-smith47/smartthings-go/discovery.go:187.4,187.12 1 0
github.com/tj-smith47/smartthings-go/discovery.go:190.3,191.21 2 1
github.com/tj-smith47/smartthings-go/discovery.go:191.21,192.12 1 0
github.com/tj-smith47/smartthings-go/discovery.go:196.3,196.34 1 1
github.com/tj-smith47/smartthings-go/discovery.go:196.34,197.52 1 1
github.com/tj-smith47/smartthings-go/discovery.go:197.52,199.5 1 1
github.com/tj-smith47/smartthings-go/discovery.go:202.3,203.17 2 1
github.com/tj-smith47/smartthings-go/discovery.go:203.17,204.12 1 1
github.com/tj-smith47/smartthings-go/discovery.go:208.3,208.19 1 1
github.com/tj-smith47/smartthings-go/discovery.go:208.19,209.12 1 1
github.com/tj-smith47/smartthings-go/discovery.go:211.3,212.28 2 1
github.com/tj-smith47/smartthings-go/discovery.go:215.2,215.18 1 1
github.com/tj-smith47/smartthings-go/discovery.go:219.124,221.16 2 1
github.com/tj-smith47/smartthings-go/discovery.go:221.16,223.3 1 0
github.com/tj-smith47/smartthings-go/discovery.go:224.2,227.16 3 1
github.com/tj-smith47/smartthings-go/discovery.go:227.16,229.3 1 0
github.com/tj-smith47/smartthings-go/discovery.go:231.2,243.63 2 1
github.com/tj-smith47/smartthings-go/discovery.go:243.63,245.3 1 0
github.com/tj-smith47/smartthings-go/discovery.go:247.2,252.6 5 1
github.com/tj-smith47/smartthings-go/discovery.go:252.6,253.10 1 1
github.com/tj-smith47/smartthings-go/discovery.go:254.21,255.25 1 1
github.com/tj-smith47/smartthings-go/discovery.go:256.11,256.11 0 1
github.com/tj-smith47/smartthings-go/discovery.go:259.3,260.17 2 1
github.com/tj-smith47/smartthings-go/discovery.go:260.17,261.61 1 1
github.com/tj-smith47/smartthings-go/discovery.go:261.61,262.10 1 1
github.com/tj-smith47/smartthings-go/discovery.go:264.4,264.12 1 0
github.com/tj-smith47/smartthings-go/discovery.go:267.3,268.21 2 1
github.com/tj-smith47/smartthings-go/discovery.go:268.21,269.12 1 0
github.com/tj-smith47/smartthings-go/discovery.go:273.3,281.19 5 1
github.com/tj-smith47/smartthings-go/discovery.go:281.19,282.12 1 1
github.com/tj-smith47/smartthings-go/discovery.go:285.3,289.21 4 1
github.com/tj-smith47/smartthings-go/discovery.go:289.21,291.4 1 1
github.com/tj-smith47/smartthings-go/discovery.go:292.3,292.15 1 1
github.com/tj-smith47/smartthings-go/discovery.go:292.15,293.52 1 0
github.com/tj-smith47/smartthings-go/discovery.go:293.52,295.5 1 0
github.com/tj-smith47/smartthings-go/discovery.go:298.3,298.27 1 1
github.com/tj-smith47/smartthings-go/discovery.go:298.27,299.12 1 1
github.com/tj-smith47/smartthings-go/discovery.go:301.3,315.5 4 1
github.com/tj-smith47/smartthings-go/discovery.go:318.2,318.17 1 1
github.com/tj-smith47/smartthings-go/discovery.go:322.59,326.21 3 1
github.com/tj-smith47/smartthings-go/discovery.go:326.21,328.17 2 1
github.com/tj-smith47/smartthings-go/discovery.go:328.17,329.12 1 1
github.com/tj-smith47/smartthings-go/discovery.go:333.3,333.39 1 1
github.com/tj-smith47/smartthings-go/discovery.go:333.39,334.12 1 1
github.com/tj-smith47/smartthings-go/discovery.go:337.3,338.16 2 1
github.com/tj-smith47/smartthings-go/discovery.go:338.16,339.12 1 1
github.com/tj-smith47/smartthings-go/discovery.go:342.3,344.23 3 1
github.com/tj-smith47/smartthings-go/discovery.go:347.2,347.16 1 1
github.com/tj-smith47/smartthings-go/discovery.go:351.54,355.22 3 1
github.com/tj-smith47/smartthings-go/discovery.go:355.22,357.3 1 1
github.com/tj-smith47/smartthings-go/discovery.go:359.2,361.42 3 1
github.com/tj-smith47/smartthings-go/discovery.go:361.42,362.53 1 1
github.com/tj-smith47/smartthings-go/discovery.go:362.53,364.4 1 1
github.com/tj-smith47/smartthings-go/discovery.go:367.2,367.17 1 1
github.com/tj-smith47/smartthings-go/discovery.go:372.37,375.22 3 1
github.com/tj-smith47/smartthings-go/discovery.go:375.22,377.3 1 1
github.com/tj-smith47/smartthings-go/discovery.go:378.2,378.11 1 1
github.com/tj-smith47/smartthings-go/discovery.go:382.41,385.78 2 1
github.com/tj-smith47/smartthings-go/discovery.go:385.78,387.3 1 1
github.com/tj-smith47/smartthings-go/discovery.go:388.2,388.11 1 1
github.com/tj-smith47/smartthings-go/discovery.go:393.95,399.12 4 1
github.com/tj-smith47/smartthings-go/discovery.go:399.12,401.17 2 1
github.com/tj-smith47/smartthings-go/discovery.go:401.17,405.4 3 1
github.com/tj-smith47/smartthings-go/discovery.go:406.3,407.19 2 1
github.com/tj-smith47/smartthings-go/discovery.go:411.2,411.12 1 1
github.com/tj-smith47/smartthings-go/discovery.go:411.12,413.17 2 1
github.com/tj-smith47/smartthings-go/discovery.go:413.17,417.4 3 0
github.com/tj-smith47/smartthings-go/discovery.go:418.3,419.17 2 1
github.com/tj-smith47/smartthings-go/discovery.go:423.2,429.17 5 1
github.com/tj-smith47/smartthings-go/discovery.go:429.17,431.3 1 1
github.com/tj-smith47/smartthings-go/discovery.go:432.2,432.24 1 1
github.com/tj-smith47/smartthings-go/drivers.go:92.80,94.16 2 1
github.com/tj-smith47/smartthings-go/drivers.go:94.16,96.3 1 1
github.com/tj-smith47/smartthings-go/drivers.go:98.2,99.52 2 1
github.com/tj-smith47/smartthings-go/drivers.go:99.52,101.3 1 0
github.com/tj-smith47/smartthings-go/drivers.go:103.2,103.24 1 1
github.com/tj-smith47/smartthings-go/drivers.go:107.80,109.16 2 1
github.com/tj-smith47/smartthings-go/drivers.go:109.16,111.3 1 1
github.com/tj-smith47/smartthings-go/drivers.go:113.2,114.52 2 1
github.com/tj-smith47/smartthings-go/drivers.go:114.52,116.3 1 1
github.com/tj-smith47/smartthings-go/drivers.go:118.2,118.24 1 1
github.com/tj-smith47/smartthings-go/drivers.go:122.87,123.20 1 1
github.com/tj-smith47/smartthings-go/drivers.go:123.20,125.3 1 1
github.com/tj-smith47/smartthings-go/drivers.go:127.2,128.16 2 1
github.com/tj-smith47/smartthings-go/drivers.go:128.16,130.3 1 1
github.com/tj-smith47/smartthings-go/drivers.go:132.2,133.54 2 1
github.com/tj-smith47/smartthings-go/drivers.go:133.54,135.3 1 0
github.com/tj-smith47/smartthings-go/drivers.go:137.2,137.21 1 1
github.com/tj-smith47/smartthings-go/drivers.go:141.104,142.20 1 1
github.com/tj-smith47/smartthings-go/drivers.go:142.20,144.3 1 1
github.com/tj-smith47/smartthings-go/drivers.go:145.2,145.19 1 1
github.com/tj-smith47/smartthings-go/drivers.go:145.19,147.3 1 1
github.com/tj-smith47/smartthings-go/drivers.go:149.2,150.16 2 1
github.com/tj-smith47/smartthings-go/drivers.go:150.16,152.3 1 0
github.com/tj-smith47/smartthings-go/drivers.go:154.2,155.54 2 1
github.com/tj-smith47/smartthings-go/drivers.go:155.54,157.3 1 0
github.com/tj-smith47/smartthings-go/drivers.go:159.2,159.21 1 1
github.com/tj-smith47/smartthings-go/drivers.go:163.75,164.20 1 1
github.com/tj-smith47/smartthings-go/drivers.go:164.20,166.3 1 1
github.com/tj-smith47/smartthings-go/drivers.go:168.2,169.12 2 1
github.com/tj-smith47/smartthings-go/drivers.go:174.93,175.27 1 1
github.com/tj-smith47/smartthings-go/drivers.go:175.27,177.3 1 1
github.com/tj-smith47/smartthings-go/drivers.go:180.2,183.16 3 1
github.com/tj-smith47/smartthings-go/drivers.go:183.16,185.3 1 0
github.com/tj-smith47/smartthings-go/drivers.go:187.2,192.16 5 1
github.com/tj-smith47/smartthings-go/drivers.go:192.16,194.3 1 0
github.com/tj-smith47/smartthings-go/drivers.go:195.2,198.16 3 1
github.com/tj-smith47/smartthings-go/drivers.go:198.16,200.3 1 0
github.com/tj-smith47/smartthings-go/drivers.go:202.2,202.28 1 1
github.com/tj-smith47/smartthings-go/drivers.go:202.28,204.3 1 0
github.com/tj-smith47/smartthings-go/drivers.go:206.2,207.58 2 1
github.com/tj-smith47/smartthings-go/drivers.go:207.58,209.3 1 0
github.com/tj-smith47/smartthings-go/drivers.go:211.2,211.21 1 1
github.com/tj-smith47/smartthings-go/errors.go:127.35,128.23 1 1
github.com/tj-smith47/smartthings-go/errors.go:128.23,130.3 1 1
github.com/tj-smith47/smartthings-go/errors.go:131.2,131.78 1 1
github.com/tj-smith47/smartthings-go/errors.go:135.37,136.37 1 1
github.com/tj-smith47/smartthings-go/errors.go:136.37,138.3 1 1
github.com/tj-smith47/smartthings-go/errors.go:139.2,140.29 2 1
github.com/tj-smith47/smartthings-go/errors.go:140.29,142.3 1 1
github.com/tj-smith47/smartthings-go/errors.go:143.2,143.14 1 1
github.com/tj-smith47/smartthings-go/errors.go:147.33,148.33 1 1
github.com/tj-smith47/smartthings-go/errors.go:148.33,150.3 1 1
github.com/tj-smith47/smartthings-go/errors.go:151.2,152.29 2 1
github.com/tj-smith47/smartthings-go/errors.go:152.29,154.3 1 1
github.com/tj-smith47/smartthings-go/errors.go:155.2,155.14 1 1
github.com/tj-smith47/smartthings-go/errors.go:159.36,160.36 1 1
github.com/tj-smith47/smartthings-go/errors.go:160.36,162.3 1 1
github.com/tj-smith47/smartthings-go/errors.go:163.2,164.29 2 1
github.com/tj-smith47/smartthings-go/errors.go:164.29,166.3 1 1
github.com/tj-smith47/smartthings-go/errors.go:167.2,167.14 1 1
github.com/tj-smith47/smartthings-go/errors.go:171.38,172.38 1 1
github.com/tj-smith47/smartthings-go/errors.go:172.38,174.3 1 1
github.com/tj-smith47/smartthings-go/errors.go:175.2,176.29 2 1
github.com/tj-smith47/smartthings-go/errors.go:176.29,178.3 1 1
github.com/tj-smith47/smartthings-go/errors.go:179.2,179.14 1 1
github.com/tj-smith47/smartthings-go/errors.go:183.32,186.2 2 1
github.com/tj-smith47/smartthings-go/helpers.go:12.68,14.9 2 1
github.com/tj-smith47/smartthings-go/helpers.go:14.9,16.3 1 1
github.com/tj-smith47/smartthings-go/helpers.go:17.2,18.14 2 1
github.com/tj-smith47/smartthings-go/helpers.go:29.62,31.9 2 1
github.com/tj-smith47/smartthings-go/helpers.go:31.9,33.3 1 1
github.com/tj-smith47/smartthings-go/helpers.go:34.2,34.25 1 1
github.com/tj-smith47/smartthings-go/helpers.go:35.15,37.96 1 1
github.com/tj-smith47/smartthings-go/helpers.go:37.96,39.4 1 1
github.com/tj-smith47/smartthings-go/helpers.go:40.3,40.22 1 1
github.com/tj-smith47/smartthings-go/helpers.go:41.11,42.17 1 1
github.com/tj-smith47/smartthings-go/helpers.go:43.13,45.55 1 1
github.com/tj-smith47/smartthings-go/helpers.go:45.55,47.4 1 0
github.com/tj-smith47/smartthings-go/helpers.go:48.3,48.22 1 1
github.com/tj-smith47/smartthings-go/helpers.go:49.10,50.18 1 1
github.com/tj-smith47/smartthings-go/helpers.go:60.68,62.9 2 1
github.com/tj-smith47/smartthings-go/helpers.go:62.9,64.3 1 1
github.com/tj-smith47/smartthings-go/helpers.go:65.2,65.25 1 1
github.com/tj-smith47/smartthings-go/helpers.go:66.15,67.17 1 1
github.com/tj-smith47/smartthings-go/helpers.go:68.11,69.26 1 1
github.com/tj-smith47/smartthings-go/helpers.go:70.13,71.26 1 1
github.com/tj-smith47/smartthings-go/helpers.go:72.10,73.18 1 1
github.com/tj-smith47/smartthings-go/helpers.go:83.64,85.9 2 1
github.com/tj-smith47/smartthings-go/helpers.go:85.9,87.3 1 1
github.com/tj-smith47/smartthings-go/helpers.go:88.2,89.14 2 1
github.com/tj-smith47/smartthings-go/helpers.go:98.73,100.9 2 1
github.com/tj-smith47/smartthings-go/helpers.go:100.9,102.3 1 1
github.com/tj-smith47/smartthings-go/helpers.go:103.2,104.14 2 1
github.com/tj-smith47/smartthings-go/helpers.go:113.66,115.9 2 1
github.com/tj-smith47/smartthings-go/helpers.go:115.9,117.3 1 1
github.com/tj-smith47/smartthings-go/helpers.go:118.2,119.16 2 1
github.com/tj-smith47/smartthings-go/helpers.go:128.81,131.2 2 1
github.com/tj-smith47/smartthings-go/helpers.go:135.63,136.20 1 1
github.com/tj-smith47/smartthings-go/helpers.go:136.20,138.3 1 1
github.com/tj-smith47/smartthings-go/helpers.go:140.2,141.27 2 1
github.com/tj-smith47/smartthings-go/helpers.go:141.27,143.14 2 1
github.com/tj-smith47/smartthings-go/helpers.go:143.14,145.4 1 1
github.com/tj-smith47/smartthings-go/helpers.go:148.3,148.23 1 1
github.com/tj-smith47/smartthings-go/helpers.go:148.23,150.4 1 1
github.com/tj-smith47/smartthings-go/helpers.go:153.3,154.10 2 1
github.com/tj-smith47/smartthings-go/helpers.go:154.10,156.4 1 1
github.com/tj-smith47/smartthings-go/helpers.go:157.3,157.17 1 1
github.com/tj-smith47/smartthings-go/helpers.go:160.2,160.19 1 0
github.com/tj-smith47/smartthings-go/helpers.go:167.47,168.51 1 1
github.com/tj-smith47/smartthings-go/helpers.go:168.51,170.3 1 1
github.com/tj-smith47/smartthings-go/helpers.go:171.2,172.72 2 1
github.com/tj-smith47/smartthings-go/helpers.go:172.72,174.3 1 1
github.com/tj-smith47/smartthings-go/helpers.go:175.2,175.20 1 1
github.com/tj-smith47/smartthings-go/helpers.go:179.50,181.2 1 1
github.com/tj-smith47/smartthings-go/history.go:57.59,58.17 1 1
github.com/tj-smith47/smartthings-go/history.go:58.17,60.3 1 1
github.com/tj-smith47/smartthings-go/history.go:62.2,63.24 2 1
github.com/tj-smith47/smartthings-go/history.go:63.24,65.3 1 1
github.com/tj-smith47/smartthings-go/history.go:66.2,66.23 1 1
github.com/tj-smith47/smartthings-go/history.go:66.23,68.3 1 1
github.com/tj-smith47/smartthings-go/history.go:69.2,69.18 1 1
github.com/tj-smith47/smartthings-go/history.go:69.18,71.3 1 1
github.com/tj-smith47/smartthings-go/history.go:72.2,72.19 1 1
github.com/tj-smith47/smartthings-go/history.go:72.19,74.3 1 1
github.com/tj-smith47/smartthings-go/history.go:76.2,76.47 1 1
github.com/tj-smith47/smartthings-go/history.go:76.47,78.3 1 1
github.com/tj-smith47/smartthings-go/history.go:79.2,79.11 1 1
github.com/tj-smith47/smartthings-go/history.go:83.116,84.20 1 1
github.com/tj-smith47/smartthings-go/history.go:84.20,86.3 1 1
github.com/tj-smith47/smartthings-go/history.go:88.2,90.16 3 1
github.com/tj-smith47/smartthings-go/history.go:90.16,92.3 1 1
github.com/tj-smith47/smartthings-go/history.go:94.2,95.52 2 1
github.com/tj-smith47/smartthings-go/history.go:95.52,97.3 1 1
github.com/tj-smith47/smartthings-go/history.go:99.2,99.19 1 1
github.com/tj-smith47/smartthings-go/history.go:103.116,104.20 1 1
github.com/tj-smith47/smartthings-go/history.go:104.20,106.3 1 1
github.com/tj-smith47/smartthings-go/history.go:108.2,110.16 3 1
github.com/tj-smith47/smartthings-go/history.go:110.16,112.3 1 1
github.com/tj-smith47/smartthings-go/history.go:114.2,115.52 2 1
github.com/tj-smith47/smartthings-go/history.go:115.52,117.3 1 1
github.com/tj-smith47/smartthings-go/history.go:119.2,119.19 1 1
github.com/tj-smith47/smartthings-go/hubs.go:73.74,74.17 1 1
github.com/tj-smith47/smartthings-go/hubs.go:74.17,76.3 1 1
github.com/tj-smith47/smartthings-go/hubs.go:78.2,79.16 2 1
github.com/tj-smith47/smartthings-go/hubs.go:79.16,81.3 1 1
github.com/tj-smith47/smartthings-go/hubs.go:83.2,84.51 2 1
github.com/tj-smith47/smartthings-go/hubs.go:84.51,86.3 1 0
github.com/tj-smith47/smartthings-go/hubs.go:88.2,88.18 1 1
github.com/tj-smith47/smartthings-go/hubs.go:92.103,93.17 1 1
github.com/tj-smith47/smartthings-go/hubs.go:93.17,95.3 1 1
github.com/tj-smith47/smartthings-go/hubs.go:97.2,98.16 2 1
github.com/tj-smith47/smartthings-go/hubs.go:98.16,100.3 1 0
github.com/tj-smith47/smartthings-go/hubs.go:102.2,103.53 2 1
github.com/tj-smith47/smartthings-go/hubs.go:103.53,105.3 1 0
github.com/tj-smith47/smartthings-go/hubs.go:107.2,107.19 1 1
github.com/tj-smith47/smartthings-go/hubs.go:111.101,112.17 1 1
github.com/tj-smith47/smartthings-go/hubs.go:112.17,114.3 1 1
github.com/tj-smith47/smartthings-go/hubs.go:116.2,117.16 2 1
github.com/tj-smith47/smartthings-go/hubs.go:117.16,119.3 1 0
github.com/tj-smith47/smartthings-go/hubs.go:121.2,122.52 2 1
github.com/tj-smith47/smartthings-go/hubs.go:122.52,124.3 1 0
github.com/tj-smith47/smartthings-go/hubs.go:126.2,126.24 1 1
github.com/tj-smith47/smartthings-go/hubs.go:131.118,132.17 1 1
github.com/tj-smith47/smartthings-go/hubs.go:132.17,134.3 1 1
github.com/tj-smith47/smartthings-go/hubs.go:136.2,137.20 2 1
github.com/tj-smith47/smartthings-go/hubs.go:137.20,139.3 1 0
github.com/tj-smith47/smartthings-go/hubs.go:141.2,142.16 2 1
github.com/tj-smith47/smartthings-go/hubs.go:142.16,144.3 1 0
github.com/tj-smith47/smartthings-go/hubs.go:146.2,147.52 2 1
github.com/tj-smith47/smartthings-go/hubs.go:147.52,149.3 1 0
github.com/tj-smith47/smartthings-go/hubs.go:151.2,151.24 1 1
github.com/tj-smith47/smartthings-go/hubs.go:155.108,156.17 1 1
github.com/tj-smith47/smartthings-go/hubs.go:156.17,158.3 1 1
github.com/tj-smith47/smartthings-go/hubs.go:159.2,159.20 1 1
github.com/tj-smith47/smartthings-go/hubs.go:159.20,161.3 1 1
github.com/tj-smith47/smartthings-go/hubs.go:163.2,164.16 2 1
github.com/tj-smith47/smartthings-go/hubs.go:164.16,166.3 1 0
github.com/tj-smith47/smartthings-go/hubs.go:168.2,169.54 2 1
github.com/tj-smith47/smartthings-go/hubs.go:169.54,171.3 1 0
github.com/tj-smith47/smartthings-go/hubs.go:173.2,173.21 1 1
github.com/tj-smith47/smartthings-go/hubs.go:177.94,178.20 1 1
github.com/tj-smith47/smartthings-go/hubs.go:178.20,180.3 1 1
github.com/tj-smith47/smartthings-go/hubs.go:181.2,181.17 1 1
github.com/tj-smith47/smartthings-go/hubs.go:181.17,183.3 1 1
github.com/tj-smith47/smartthings-go/hubs.go:184.2,184.21 1 1
github.com/tj-smith47/smartthings-go/hubs.go:184.21,186.3 1 1
github.com/tj-smith47/smartthings-go/hubs.go:188.2,194.12 3 1
github.com/tj-smith47/smartthings-go/hubs.go:198.85,199.20 1 1
github.com/tj-smith47/smartthings-go/hubs.go:199.20,201.3 1 1
github.com/tj-smith47/smartthings-go/hubs.go:202.2,202.17 1 1
github.com/tj-smith47/smartthings-go/hubs.go:202.17,204.3 1 1
github.com/tj-smith47/smartthings-go/hubs.go:206.2,207.12 2 1
github.com/tj-smith47/smartthings-go/hubs.go:212.110,213.20 1 1
github.com/tj-smith47/smartthings-go/hubs.go:213.20,215.3 1 1
github.com/tj-smith47/smartthings-go/hubs.go:216.2,216.17 1 1
github.com/tj-smith47/smartthings-go/hubs.go:216.17,218.3 1 1
github.com/tj-smith47/smartthings-go/hubs.go:219.2,219.20 1 1
github.com/tj-smith47/smartthings-go/hubs.go:219.20,221.3 1 1
github.com/tj-smith47/smartthings-go/hubs.go:223.2,224.17 2 1
github.com/tj-smith47/smartthings-go/hubs.go:224.17,226.3 1 0
github.com/tj-smith47/smartthings-go/hubs.go:228.2,233.12 3 1
github.com/tj-smith47/smartthings-go/hubs.go:239.62,245.53 3 1
github.com/tj-smith47/smartthings-go/hubs.go:245.53,246.53 1 1
github.com/tj-smith47/smartthings-go/hubs.go:246.53,248.4 1 1
github.com/tj-smith47/smartthings-go/hubs.go:251.2,251.17 1 1
github.com/tj-smith47/smartthings-go/hubs.go:251.17,252.55 1 1
github.com/tj-smith47/smartthings-go/hubs.go:252.55,254.4 1 1
github.com/tj-smith47/smartthings-go/hubs.go:257.2,257.17 1 1
github.com/tj-smith47/smartthings-go/hubs.go:257.17,259.3 1 1
github.com/tj-smith47/smartthings-go/hubs.go:262.2,262.43 1 1
github.com/tj-smith47/smartthings-go/hubs.go:262.43,264.3 1 1
github.com/tj-smith47/smartthings-go/hubs.go:265.2,265.46 1 1
github.com/tj-smith47/smartthings-go/hubs.go:265.46,267.3 1 1
github.com/tj-smith47/smartthings-go/hubs.go:268.2,268.48 1 1
github.com/tj-smith47/smartthings-go/hubs.go:268.48,270.3 1 1
github.com/tj-smith47/smartthings-go/hubs.go:271.2,271.59 1 1
github.com/tj-smith47/smartthings-go/hubs.go:271.59,273.3 1 1
github.com/tj-smith47/smartthings-go/hubs.go:274.2,274.45 1 1
github.com/tj-smith47/smartthings-go/hubs.go:274.45,276.3 1 1
github.com/tj-smith47/smartthings-go/hubs.go:277.2,277.50 1 1
github.com/tj-smith47/smartthings-go/hubs.go:277.50,279.3 1 1
github.com/tj-smith47/smartthings-go/hubs.go:280.2,280.48 1 1
github.com/tj-smith47/smartthings-go/hubs.go:280.48,282.3 1 0
github.com/tj-smith47/smartthings-go/hubs.go:283.2,283.47 1 1
github.com/tj-smith47/smartthings-go/hubs.go:283.47,285.3 1 0
github.com/tj-smith47/smartthings-go/hubs.go:286.2,286.47 1 1
github.com/tj-smith47/smartthings-go/hubs.go:286.47,288.3 1 1
github.com/tj-smith47/smartthings-go/hubs.go:289.2,289.47 1 1
github.com/tj-smith47/smartthings-go/hubs.go:289.47,291.3 1 1
github.com/tj-smith47/smartthings-go/hubs.go:292.2,292.47 1 1
github.com/tj-smith47/smartthings-go/hubs.go:292.47,294.3 1 1
github.com/tj-smith47/smartthings-go/hubs.go:295.2,295.47 1 1
github.com/tj-smith47/smartthings-go/hubs.go:295.47,297.3 1 0
github.com/tj-smith47/smartthings-go/hubs.go:299.2,299.21 1 1
github.com/tj-smith47/smartthings-go/installedapps.go:31.100,33.22 2 1
github.com/tj-smith47/smartthings-go/installedapps.go:33.22,35.3 1 1
github.com/tj-smith47/smartthings-go/installedapps.go:37.2,38.16 2 1
github.com/tj-smith47/smartthings-go/installedapps.go:38.16,40.3 1 0
github.com/tj-smith47/smartthings-go/installedapps.go:42.2,43.52 2 1
github.com/tj-smith47/smartthings-go/installedapps.go:43.52,45.3 1 1
github.com/tj-smith47/smartthings-go/installedapps.go:47.2,47.24 1 1
github.com/tj-smith47/smartthings-go/installedapps.go:51.101,52.26 1 1
github.com/tj-smith47/smartthings-go/installedapps.go:52.26,54.3 1 1
github.com/tj-smith47/smartthings-go/installedapps.go:56.2,57.16 2 1
github.com/tj-smith47/smartthings-go/installedapps.go:57.16,59.3 1 1
github.com/tj-smith47/smartthings-go/installedapps.go:61.2,62.51 2 1
github.com/tj-smith47/smartthings-go/installedapps.go:62.51,64.3 1 0
github.com/tj-smith47/smartthings-go/installedapps.go:66.2,66.18 1 1
github.com/tj-smith47/smartthings-go/installedapps.go:70.87,71.26 1 1
github.com/tj-smith47/smartthings-go/installedapps.go:71.26,73.3 1 1
github.com/tj-smith47/smartthings-go/installedapps.go:75.2,76.12 2 1
github.com/tj-smith47/smartthings-go/invites.go:40.136,41.55 1 1
github.com/tj-smith47/smartthings-go/invites.go:41.55,43.3 1 1
github.com/tj-smith47/smartthings-go/invites.go:45.2,46.16 2 1
github.com/tj-smith47/smartthings-go/invites.go:46.16,48.3 1 0
github.com/tj-smith47/smartthings-go/invites.go:50.2,51.52 2 1
github.com/tj-smith47/smartthings-go/invites.go:51.52,53.3 1 0
github.com/tj-smith47/smartthings-go/invites.go:55.2,55.19 1 1
github.com/tj-smith47/smartthings-go/invites.go:59.115,60.23 1 1
github.com/tj-smith47/smartthings-go/invites.go:60.23,62.3 1 1
github.com/tj-smith47/smartthings-go/invites.go:64.2,65.16 2 1
github.com/tj-smith47/smartthings-go/invites.go:65.16,67.3 1 0
github.com/tj-smith47/smartthings-go/invites.go:69.2,70.52 2 1
github.com/tj-smith47/smartthings-go/invites.go:70.52,72.3 1 0
github.com/tj-smith47/smartthings-go/invites.go:74.2,74.24 1 1
github.com/tj-smith47/smartthings-go/invites.go:78.92,79.24 1 1
github.com/tj-smith47/smartthings-go/invites.go:79.24,81.3 1 1
github.com/tj-smith47/smartthings-go/invites.go:83.2,84.12 2 1
github.com/tj-smith47/smartthings-go/locations.go:55.73,57.16 2 1
github.com/tj-smith47/smartthings-go/locations.go:57.16,59.3 1 0
github.com/tj-smith47/smartthings-go/locations.go:61.2,62.52 2 1
github.com/tj-smith47/smartthings-go/locations.go:62.52,64.3 1 1
github.com/tj-smith47/smartthings-go/locations.go:66.2,66.24 1 1
github.com/tj-smith47/smartthings-go/locations.go:70.89,71.22 1 1
github.com/tj-smith47/smartthings-go/locations.go:71.22,73.3 1 1
github.com/tj-smith47/smartthings-go/locations.go:75.2,76.16 2 1
github.com/tj-smith47/smartthings-go/locations.go:76.16,78.3 1 1
github.com/tj-smith47/smartthings-go/locations.go:80.2,81.56 2 1
github.com/tj-smith47/smartthings-go/locations.go:81.56,83.3 1 0
github.com/tj-smith47/smartthings-go/locations.go:85.2,85.23 1 1
github.com/tj-smith47/smartthings-go/locations.go:89.99,90.44 1 1
github.com/tj-smith47/smartthings-go/locations.go:90.44,92.3 1 1
github.com/tj-smith47/smartthings-go/locations.go:94.2,95.16 2 1
github.com/tj-smith47/smartthings-go/locations.go:95.16,97.3 1 0
github.com/tj-smith47/smartthings-go/locations.go:99.2,100.55 2 1
github.com/tj-smith47/smartthings-go/locations.go:100.55,102.3 1 0
github.com/tj-smith47/smartthings-go/locations.go:104.2,104.22 1 1
github.com/tj-smith47/smartthings-go/locations.go:108.116,109.22 1 1
github.com/tj-smith47/smartthings-go/locations.go:109.22,111.3 1 1
github.com/tj-smith47/smartthings-go/locations.go:113.2,114.16 2 1
github.com/tj-smith47/smartthings-go/locations.go:114.16,116.3 1 0
github.com/tj-smith47/smartthings-go/locations.go:118.2,119.55 2 1
github.com/tj-smith47/smartthings-go/locations.go:119.55,121.3 1 0
github.com/tj-smith47/smartthings-go/locations.go:123.2,123.22 1 1
github.com/tj-smith47/smartthings-go/locations.go:127.79,128.22 1 1
github.com/tj-smith47/smartthings-go/locations.go:128.22,130.3 1 1
github.com/tj-smith47/smartthings-go/locations.go:132.2,133.12 2 1
github.com/tj-smith47/smartthings-go/modes.go:32.84,33.22 1 1
github.com/tj-smith47/smartthings-go/modes.go:33.22,35.3 1 1
github.com/tj-smith47/smartthings-go/modes.go:37.2,38.16 2 1
github.com/tj-smith47/smartthings-go/modes.go:38.16,40.3 1 1
github.com/tj-smith47/smartthings-go/modes.go:42.2,43.52 2 1
github.com/tj-smith47/smartthings-go/modes.go:43.52,45.3 1 1
github.com/tj-smith47/smartthings-go/modes.go:47.2,47.24 1 1
github.com/tj-smith47/smartthings-go/modes.go:51.89,52.22 1 1
github.com/tj-smith47/smartthings-go/modes.go:52.22,54.3 1 1
github.com/tj-smith47/smartthings-go/modes.go:55.2,55.18 1 1
github.com/tj-smith47/smartthings-go/modes.go:55.18,57.3 1 1
github.com/tj-smith47/smartthings-go/modes.go:59.2,60.16 2 1
github.com/tj-smith47/smartthings-go/modes.go:60.16,62.3 1 1
github.com/tj-smith47/smartthings-go/modes.go:64.2,65.52 2 1
github.com/tj-smith47/smartthings-go/modes.go:65.52,67.3 1 0
github.com/tj-smith47/smartthings-go/modes.go:69.2,69.19 1 1
github.com/tj-smith47/smartthings-go/modes.go:73.88,74.22 1 1
github.com/tj-smith47/smartthings-go/modes.go:74.22,76.3 1 1
github.com/tj-smith47/smartthings-go/modes.go:78.2,79.16 2 1
github.com/tj-smith47/smartthings-go/modes.go:79.16,81.3 1 0
github.com/tj-smith47/smartthings-go/modes.go:83.2,84.52 2 1
github.com/tj-smith47/smartthings-go/modes.go:84.52,86.3 1 1
github.com/tj-smith47/smartthings-go/modes.go:88.2,88.19 1 1
github.com/tj-smith47/smartthings-go/modes.go:92.96,93.22 1 1
github.com/tj-smith47/smartthings-go/modes.go:93.22,95.3 1 1
github.com/tj-smith47/smartthings-go/modes.go:96.2,96.18 1 1
github.com/tj-smith47/smartthings-go/modes.go:96.18,98.3 1 1
github.com/tj-smith47/smartthings-go/modes.go:100.2,102.16 3 1
github.com/tj-smith47/smartthings-go/modes.go:102.16,104.3 1 1
github.com/tj-smith47/smartthings-go/modes.go:106.2,107.52 2 1
github.com/tj-smith47/smartthings-go/modes.go:107.52,109.3 1 0
github.com/tj-smith47/smartthings-go/modes.go:111.2,111.19 1 1
github.com/tj-smith47/smartthings-go/notifications.go:70.115,71.16 1 1
github.com/tj-smith47/smartthings-go/notifications.go:71.16,73.3 1 1
github.com/tj-smith47/smartthings-go/notifications.go:74.2,74.20 1 1
github.com/tj-smith47/smartthings-go/notifications.go:74.20,76.3 1 1
github.com/tj-smith47/smartthings-go/notifications.go:77.2,77.28 1 1
github.com/tj-smith47/smartthings-go/notifications.go:77.28,79.3 1 1
github.com/tj-smith47/smartthings-go/notifications.go:81.2,82.16 2 1
github.com/tj-smith47/smartthings-go/notifications.go:82.16,84.3 1 1
github.com/tj-smith47/smartthings-go/notifications.go:86.2,87.52 2 1
github.com/tj-smith47/smartthings-go/notifications.go:87.52,89.3 1 1
github.com/tj-smith47/smartthings-go/notifications.go:91.2,91.19 1 1
github.com/tj-smith47/smartthings-go/oauth.go:29.31,35.2 1 1
github.com/tj-smith47/smartthings-go/oauth.go:59.40,60.37 1 1
github.com/tj-smith47/smartthings-go/oauth.go:60.37,62.3 1 1
github.com/tj-smith47/smartthings-go/oauth.go:63.2,63.63 1 1
github.com/tj-smith47/smartthings-go/oauth.go:67.52,68.38 1 1
github.com/tj-smith47/smartthings-go/oauth.go:68.38,70.3 1 1
github.com/tj-smith47/smartthings-go/oauth.go:72.2,72.38 1 1
github.com/tj-smith47/smartthings-go/oauth.go:72.38,74.3 1 1
github.com/tj-smith47/smartthings-go/oauth.go:75.2,75.51 1 1
github.com/tj-smith47/smartthings-go/oauth.go:79.45,80.37 1 1
github.com/tj-smith47/smartthings-go/oauth.go:80.37,82.3 1 1
github.com/tj-smith47/smartthings-go/oauth.go:83.2,83.62 1 1
github.com/tj-smith47/smartthings-go/oauth.go:93.65,95.22 2 1
github.com/tj-smith47/smartthings-go/oauth.go:95.22,97.3 1 1
github.com/tj-smith47/smartthings-go/oauth.go:99.2,104.17 6 1
github.com/tj-smith47/smartthings-go/oauth.go:104.17,106.3 1 1
github.com/tj-smith47/smartthings-go/oauth.go:108.2,108.54 1 1
github.com/tj-smith47/smartthings-go/oauth.go:112.95,113.16 1 1
github.com/tj-smith47/smartthings-go/oauth.go:113.16,115.3 1 1
github.com/tj-smith47/smartthings-go/oauth.go:117.2,122.74 5 0
github.com/tj-smith47/smartthings-go/oauth.go:126.104,127.24 1 1
github.com/tj-smith47/smartthings-go/oauth.go:127.24,129.3 1 1
github.com/tj-smith47/smartthings-go/oauth.go:131.2,135.74 4 0
github.com/tj-smith47/smartthings-go/oauth.go:139.122,145.16 4 0
github.com/tj-smith47/smartthings-go/oauth.go:145.16,147.3 1 0
github.com/tj-smith47/smartthings-go/oauth.go:149.2,155.16 6 0
github.com/tj-smith47/smartthings-go/oauth.go:155.16,157.3 1 0
github.com/tj-smith47/smartthings-go/oauth.go:158.2,161.16 3 0
github.com/tj-smith47/smartthings-go/oauth.go:161.16,163.3 1 0
github.com/tj-smith47/smartthings-go/oauth.go:165.2,165.38 1 0
github.com/tj-smith47/smartthings-go/oauth.go:165.38,170.79 2 0
github.com/tj-smith47/smartthings-go/oauth.go:170.79,172.4 1 0
github.com/tj-smith47/smartthings-go/oauth.go:173.3,173.99 1 0
github.com/tj-smith47/smartthings-go/oauth.go:176.2,177.54 2 0
github.com/tj-smith47/smartthings-go/oauth.go:177.54,179.3 1 0
github.com/tj-smith47/smartthings-go/oauth.go:182.2,182.55 1 0
github.com/tj-smith47/smartthings-go/oauth.go:182.55,184.3 1 0
github.com/tj-smith47/smartthings-go/oauth.go:186.2,186.21 1 0
github.com/tj-smith47/smartthings-go/oauth_client.go:25.95,26.16 1 1
github.com/tj-smith47/smartthings-go/oauth_client.go:26.16,28.3 1 1
github.com/tj-smith47/smartthings-go/oauth_client.go:29.2,29.24 1 1
github.com/tj-smith47/smartthings-go/oauth_client.go:29.24,31.3 1 1
github.com/tj-smith47/smartthings-go/oauth_client.go:32.2,32.28 1 1
github.com/tj-smith47/smartthings-go/oauth_client.go:32.28,34.3 1 1
github.com/tj-smith47/smartthings-go/oauth_client.go:35.2,35.18 1 1
github.com/tj-smith47/smartthings-go/oauth_client.go:35.18,37.3 1 1
github.com/tj-smith47/smartthings-go/oauth_client.go:39.2,46.54 3 1
github.com/tj-smith47/smartthings-go/oauth_client.go:46.54,48.3 1 1
github.com/tj-smith47/smartthings-go/oauth_client.go:51.2,74.27 4 1
github.com/tj-smith47/smartthings-go/oauth_client.go:74.27,76.3 1 0
github.com/tj-smith47/smartthings-go/oauth_client.go:79.2,79.37 1 1
github.com/tj-smith47/smartthings-go/oauth_client.go:79.37,82.3 2 0
github.com/tj-smith47/smartthings-go/oauth_client.go:85.2,85.22 1 1
github.com/tj-smith47/smartthings-go/oauth_client.go:85.22,87.3 1 1
github.com/tj-smith47/smartthings-go/oauth_client.go:89.2,90.16 2 1
github.com/tj-smith47/smartthings-go/oauth_client.go:102.86,104.72 1 0
github.com/tj-smith47/smartthings-go/oauth_client.go:104.72,106.3 1 0
github.com/tj-smith47/smartthings-go/oauth_client.go:109.2,111.27 3 0
github.com/tj-smith47/smartthings-go/oauth_client.go:111.27,113.3 1 0
github.com/tj-smith47/smartthings-go/oauth_client.go:114.2,116.17 2 0
github.com/tj-smith47/smartthings-go/oauth_client.go:116.17,118.3 1 0
github.com/tj-smith47/smartthings-go/oauth_client.go:120.2,120.30 1 0
github.com/tj-smith47/smartthings-go/oauth_client.go:125.75,129.21 3 0
github.com/tj-smith47/smartthings-go/oauth_client.go:129.21,131.3 1 0
github.com/tj-smith47/smartthings-go/oauth_client.go:134.2,134.24 1 0
github.com/tj-smith47/smartthings-go/oauth_client.go:134.24,136.3 1 0
github.com/tj-smith47/smartthings-go/oauth_client.go:139.2,139.37 1 0
github.com/tj-smith47/smartthings-go/oauth_client.go:139.37,141.3 1 0
github.com/tj-smith47/smartthings-go/oauth_client.go:144.2,145.16 2 0
github.com/tj-smith47/smartthings-go/oauth_client.go:145.16,147.3 1 0
github.com/tj-smith47/smartthings-go/oauth_client.go:150.2,156.12 4 0
github.com/tj-smith47/smartthings-go/oauth_client.go:161.67,163.2 1 0
github.com/tj-smith47/smartthings-go/oauth_client.go:166.83,174.61 5 1
github.com/tj-smith47/smartthings-go/oauth_client.go:174.61,176.3 1 0
github.com/tj-smith47/smartthings-go/oauth_client.go:178.2,178.12 1 1
github.com/tj-smith47/smartthings-go/oauth_client.go:182.50,186.21 3 1
github.com/tj-smith47/smartthings-go/oauth_client.go:186.21,188.3 1 0
github.com/tj-smith47/smartthings-go/oauth_client.go:191.2,192.20 2 1
github.com/tj-smith47/smartthings-go/oauth_client.go:196.46,201.2 3 1
github.com/tj-smith47/smartthings-go/oauth_client.go:205.52,209.21 3 1
github.com/tj-smith47/smartthings-go/oauth_client.go:209.21,211.3 1 1
github.com/tj-smith47/smartthings-go/oauth_client.go:212.2,212.40 1 1
github.com/tj-smith47/smartthings-go/oauth_client.go:216.64,218.2 1 1
github.com/tj-smith47/smartthings-go/oauth_client.go:221.76,223.16 2 0
github.com/tj-smith47/smartthings-go/oauth_client.go:223.16,225.3 1 0
github.com/tj-smith47/smartthings-go/oauth_client.go:227.2,227.33 1 0
github.com/tj-smith47/smartthings-go/oauth_client.go:231.62,239.82 5 1
github.com/tj-smith47/smartthings-go/oauth_client.go:239.82,241.3 1 0
github.com/tj-smith47/smartthings-go/oauth_client.go:244.2,244.55 1 1
github.com/tj-smith47/smartthings-go/oauth_client.go:248.45,250.2 1 0
github.com/tj-smith47/smartthings-go/oauth_client.go:253.47,255.2 1 0
github.com/tj-smith47/smartthings-go/organizations.go:28.81,30.16 2 1
github.com/tj-smith47/smartthings-go/organizations.go:30.16,32.3 1 1
github.com/tj-smith47/smartthings-go/organizations.go:34.2,35.52 2 1
github.com/tj-smith47/smartthings-go/organizations.go:35.52,37.3 1 0
github.com/tj-smith47/smartthings-go/organizations.go:39.2,39.24 1 1
github.com/tj-smith47/smartthings-go/organizations.go:43.101,44.26 1 1
github.com/tj-smith47/smartthings-go/organizations.go:44.26,46.3 1 1
github.com/tj-smith47/smartthings-go/organizations.go:48.2,49.16 2 1
github.com/tj-smith47/smartthings-go/organizations.go:49.16,51.3 1 1
github.com/tj-smith47/smartthings-go/organizations.go:53.2,54.51 2 1
github.com/tj-smith47/smartthings-go/organizations.go:54.51,56.3 1 0
github.com/tj-smith47/smartthings-go/organizations.go:58.2,58.18 1 1
github.com/tj-smith47/smartthings-go/pagination.go:10.72,12.2 1 1
github.com/tj-smith47/smartthings-go/pagination.go:16.109,17.46 1 1
github.com/tj-smith47/smartthings-go/pagination.go:17.46,19.35 2 1
github.com/tj-smith47/smartthings-go/pagination.go:19.35,21.4 1 0
github.com/tj-smith47/smartthings-go/pagination.go:23.3,23.7 1 1
github.com/tj-smith47/smartthings-go/pagination.go:23.7,24.11 1 1
github.com/tj-smith47/smartthings-go/pagination.go:25.22,27.11 2 0
github.com/tj-smith47/smartthings-go/pagination.go:28.12,28.12 0 1
github.com/tj-smith47/smartthings-go/pagination.go:32.4,36.19 2 1
github.com/tj-smith47/smartthings-go/pagination.go:36.19,42.21 6 0
github.com/tj-smith47/smartthings-go/pagination.go:42.21,44.6 1 0
github.com/tj-smith47/smartthings-go/pagination.go:47.4,48.18 2 1
github.com/tj-smith47/smartthings-go/pagination.go:48.18,51.5 2 0
github.com/tj-smith47/smartthings-go/pagination.go:53.4,53.38 1 1
github.com/tj-smith47/smartthings-go/pagination.go:53.38,54.28 1 1
github.com/tj-smith47/smartthings-go/pagination.go:54.28,56.6 1 0
github.com/tj-smith47/smartthings-go/pagination.go:59.4,59.53 1 1
github.com/tj-smith47/smartthings-go/pagination.go:59.53,61.5 1 1
github.com/tj-smith47/smartthings-go/pagination.go:62.4,62.10 1 0
github.com/tj-smith47/smartthings-go/pagination.go:68.76,69.48 1 1
github.com/tj-smith47/smartthings-go/pagination.go:69.48,70.10 1 1
github.com/tj-smith47/smartthings-go/pagination.go:71.21,73.10 2 0
github.com/tj-smith47/smartthings-go/pagination.go:74.11,74.11 0 1
github.com/tj-smith47/smartthings-go/pagination.go:77.3,78.17 2 1
github.com/tj-smith47/smartthings-go/pagination.go:78.17,81.4 2 0
[...]
github.com/tj-smith47/smartthings-go/schema.go:126.2,127.52 2 1
github.com/tj-smith47/smartthings-go/schema.go:127.52,129.3 1 0
github.com/tj-smith47/smartthings-go/schema.go:131.2,131.24 1 1
github.com/tj-smith47/smartthings-go/schema.go:135.86,136.17 1 1
github.com/tj-smith47/smartthings-go/schema.go:136.17,138.3 1 1
github.com/tj-smith47/smartthings-go/schema.go:140.2,141.16 2 1
github.com/tj-smith47/smartthings-go/schema.go:141.16,143.3 1 0
github.com/tj-smith47/smartthings-go/schema.go:145.2,146.51 2 1
github.com/tj-smith47/smartthings-go/schema.go:146.51,148.3 1 0
github.com/tj-smith47/smartthings-go/schema.go:150.2,150.18 1 1
github.com/tj-smith47/smartthings-go/schema.go:154.132,155.37 1 1
github.com/tj-smith47/smartthings-go/schema.go:155.37,157.3 1 1
github.com/tj-smith47/smartthings-go/schema.go:159.2,160.26 2 1
github.com/tj-smith47/smartthings-go/schema.go:160.26,162.3 1 0
github.com/tj-smith47/smartthings-go/schema.go:164.2,165.16 2 1
github.com/tj-smith47/smartthings-go/schema.go:165.16,167.3 1 0
github.com/tj-smith47/smartthings-go/schema.go:169.2,170.52 2 1
github.com/tj-smith47/smartthings-go/schema.go:170.52,172.3 1 0
github.com/tj-smith47/smartthings-go/schema.go:174.2,174.19 1 1
github.com/tj-smith47/smartthings-go/schema.go:178.121,179.17 1 1
github.com/tj-smith47/smartthings-go/schema.go:179.17,181.3 1 1
github.com/tj-smith47/smartthings-go/schema.go:183.2,184.26 2 1
github.com/tj-smith47/smartthings-go/schema.go:184.26,186.3 1 0
github.com/tj-smith47/smartthings-go/schema.go:188.2,189.12 2 1
github.com/tj-smith47/smartthings-go/schema.go:193.75,194.17 1 1
github.com/tj-smith47/smartthings-go/schema.go:194.17,196.3 1 1
github.com/tj-smith47/smartthings-go/schema.go:198.2,199.12 2 1
github.com/tj-smith47/smartthings-go/schema.go:203.109,204.17 1 1
github.com/tj-smith47/smartthings-go/schema.go:204.17,206.3 1 1
github.com/tj-smith47/smartthings-go/schema.go:208.2,209.16 2 1
github.com/tj-smith47/smartthings-go/schema.go:209.16,211.3 1 0
github.com/tj-smith47/smartthings-go/schema.go:213.2,214.52 2 1
github.com/tj-smith47/smartthings-go/schema.go:214.52,216.3 1 0
github.com/tj-smith47/smartthings-go/schema.go:218.2,218.19 1 1
github.com/tj-smith47/smartthings-go/schema.go:222.103,223.17 1 1
github.com/tj-smith47/smartthings-go/schema.go:223.17,225.3 1 1
github.com/tj-smith47/smartthings-go/schema.go:226.2,226.22 1 1
github.com/tj-smith47/smartthings-go/schema.go:226.22,228.3 1 0
github.com/tj-smith47/smartthings-go/schema.go:230.2,231.16 2 1
github.com/tj-smith47/smartthings-go/schema.go:231.16,233.3 1 0
github.com/tj-smith47/smartthings-go/schema.go:235.2,236.52 2 1
github.com/tj-smith47/smartthings-go/schema.go:236.52,238.3 1 0
github.com/tj-smith47/smartthings-go/schema.go:240.2,240.19 1 1
github.com/tj-smith47/smartthings-go/schema.go:244.112,246.22 2 1
github.com/tj-smith47/smartthings-go/schema.go:246.22,248.3 1 1
github.com/tj-smith47/smartthings-go/schema.go:250.2,251.16 2 1
github.com/tj-smith47/smartthings-go/schema.go:251.16,253.3 1 0
github.com/tj-smith47/smartthings-go/schema.go:255.2,256.52 2 1
github.com/tj-smith47/smartthings-go/schema.go:256.52,258.3 1 0
github.com/tj-smith47/smartthings-go/schema.go:260.2,260.24 1 1
github.com/tj-smith47/smartthings-go/schema.go:264.104,265.17 1 1
github.com/tj-smith47/smartthings-go/schema.go:265.17,267.3 1 1
github.com/tj-smith47/smartthings-go/schema.go:269.2,270.16 2 1
github.com/tj-smith47/smartthings-go/schema.go:270.16,272.3 1 0
github.com/tj-smith47/smartthings-go/schema.go:274.2,275.51 2 1
github.com/tj-smith47/smartthings-go/schema.go:275.51,277.3 1 0
github.com/tj-smith47/smartthings-go/schema.go:279.2,279.18 1 1
github.com/tj-smith47/smartthings-go/schema.go:283.84,284.17 1 1
github.com/tj-smith47/smartthings-go/schema.go:284.17,286.3 1 1
github.com/tj-smith47/smartthings-go/schema.go:288.2,289.12 2 1
github.com/tj-smith47/smartthings-go/services.go:150.111,152.22 2 1
github.com/tj-smith47/smartthings-go/services.go:152.22,154.3 1 1
github.com/tj-smith47/smartthings-go/services.go:156.2,157.16 2 1
github.com/tj-smith47/smartthings-go/services.go:157.16,159.3 1 0
github.com/tj-smith47/smartthings-go/services.go:161.2,162.52 2 1
github.com/tj-smith47/smartthings-go/services.go:162.52,164.3 1 0
github.com/tj-smith47/smartthings-go/services.go:166.2,166.19 1 1
github.com/tj-smith47/smartthings-go/services.go:170.114,172.22 2 1
github.com/tj-smith47/smartthings-go/services.go:172.22,174.3 1 1
github.com/tj-smith47/smartthings-go/services.go:175.2,178.16 3 1
github.com/tj-smith47/smartthings-go/services.go:178.16,180.3 1 0
github.com/tj-smith47/smartthings-go/services.go:182.2,185.52 2 1
github.com/tj-smith47/smartthings-go/services.go:185.52,187.3 1 0
github.com/tj-smith47/smartthings-go/services.go:189.2,189.31 1 1
github.com/tj-smith47/smartthings-go/services.go:193.166,194.16 1 1
github.com/tj-smith47/smartthings-go/services.go:194.16,196.3 1 1
github.com/tj-smith47/smartthings-go/services.go:198.2,201.16 3 1
github.com/tj-smith47/smartthings-go/services.go:201.16,203.3 1 0
github.com/tj-smith47/smartthings-go/services.go:205.2,206.51 2 1
github.com/tj-smith47/smartthings-go/services.go:206.51,208.3 1 0
github.com/tj-smith47/smartthings-go/services.go:210.2,210.18 1 1
github.com/tj-smith47/smartthings-go/services.go:214.189,215.26 1 1
github.com/tj-smith47/smartthings-go/services.go:215.26,217.3 1 1
github.com/tj-smith47/smartthings-go/services.go:218.2,218.16 1 1
github.com/tj-smith47/smartthings-go/services.go:218.16,220.3 1 0
github.com/tj-smith47/smartthings-go/services.go:222.2,225.16 3 1
github.com/tj-smith47/smartthings-go/services.go:225.16,227.3 1 0
github.com/tj-smith47/smartthings-go/services.go:229.2,230.51 2 1
github.com/tj-smith47/smartthings-go/services.go:230.51,232.3 1 0
github.com/tj-smith47/smartthings-go/services.go:234.2,234.18 1 1
github.com/tj-smith47/smartthings-go/services.go:238.122,239.26 1 1
github.com/tj-smith47/smartthings-go/services.go:239.26,241.3 1 1
github.com/tj-smith47/smartthings-go/services.go:243.2,246.12 3 1
github.com/tj-smith47/smartthings-go/services.go:250.110,254.2 3 1
github.com/tj-smith47/smartthings-go/services.go:257.141,258.22 1 1
github.com/tj-smith47/smartthings-go/services.go:258.22,260.3 1 1
github.com/tj-smith47/smartthings-go/services.go:262.2,263.22 2 1
github.com/tj-smith47/smartthings-go/services.go:263.22,265.3 1 1
github.com/tj-smith47/smartthings-go/services.go:266.2,269.16 3 1
github.com/tj-smith47/smartthings-go/services.go:269.16,271.3 1 0
github.com/tj-smith47/smartthings-go/services.go:273.2,274.55 2 1
github.com/tj-smith47/smartthings-go/services.go:274.55,276.3 1 0
github.com/tj-smith47/smartthings-go/services.go:278.2,278.22 1 1
github.com/tj-smith47/smartthings-go/services.go:282.151,283.28 1 1
github.com/tj-smith47/smartthings-go/services.go:283.28,285.3 1 1
github.com/tj-smith47/smartthings-go/services.go:287.2,288.22 2 1
github.com/tj-smith47/smartthings-go/services.go:288.22,290.3 1 1
github.com/tj-smith47/smartthings-go/services.go:293.2,294.35 2 1
github.com/tj-smith47/smartthings-go/services.go:294.35,296.3 1 1
github.com/tj-smith47/smartthings-go/services.go:297.2,300.16 3 1
github.com/tj-smith47/smartthings-go/services.go:300.16,302.3 1 0
github.com/tj-smith47/smartthings-go/services.go:304.2,305.55 2 1
github.com/tj-smith47/smartthings-go/services.go:305.55,307.3 1 0
github.com/tj-smith47/smartthings-go/services.go:309.2,309.22 1 1
github.com/tj-smith47/smartthings-go/services.go:313.73,315.26 2 1
github.com/tj-smith47/smartthings-go/services.go:315.26,317.3 1 1
github.com/tj-smith47/smartthings-go/services.go:318.2,318.22 1 1
github.com/tj-smith47/smartthings-go/services.go:318.22,320.3 1 1
github.com/tj-smith47/smartthings-go/services.go:321.2,321.22 1 1
github.com/tj-smith47/smartthings-go/subscriptions.go:97.104,98.26 1 1
github.com/tj-smith47/smartthings-go/subscriptions.go:98.26,100.3 1 1
github.com/tj-smith47/smartthings-go/subscriptions.go:102.2,103.16 2 1
github.com/tj-smith47/smartthings-go/subscriptions.go:103.16,105.3 1 0
github.com/tj-smith47/smartthings-go/subscriptions.go:107.2,108.52 2 1
github.com/tj-smith47/smartthings-go/subscriptions.go:108.52,110.3 1 0
github.com/tj-smith47/smartthings-go/subscriptions.go:112.2,112.24 1 1
github.com/tj-smith47/smartthings-go/subscriptions.go:116.129,117.26 1 1
github.com/tj-smith47/smartthings-go/subscriptions.go:117.26,119.3 1 1
github.com/tj-smith47/smartthings-go/subscriptions.go:120.2,120.40 1 1
github.com/tj-smith47/smartthings-go/subscriptions.go:120.40,122.3 1 1
github.com/tj-smith47/smartthings-go/subscriptions.go:124.2,125.16 2 1
github.com/tj-smith47/smartthings-go/subscriptions.go:125.16,127.3 1 0
github.com/tj-smith47/smartthings-go/subscriptions.go:129.2,130.55 2 1
github.com/tj-smith47/smartthings-go/subscriptions.go:130.55,132.3 1 0
github.com/tj-smith47/smartthings-go/subscriptions.go:134.2,134.22 1 1
github.com/tj-smith47/smartthings-go/subscriptions.go:138.103,139.26 1 1
github.com/tj-smith47/smartthings-go/subscriptions.go:139.26,141.3 1 1
github.com/tj-smith47/smartthings-go/subscriptions.go:142.2,142.26 1 1
github.com/tj-smith47/smartthings-go/subscriptions.go:142.26,144.3 1 1
github.com/tj-smith47/smartthings-go/subscriptions.go:146.2,147.12 2 1
github.com/tj-smith47/smartthings-go/subscriptions.go:151.91,152.26 1 1
github.com/tj-smith47/smartthings-go/subscriptions.go:152.26,154.3 1 1
github.com/tj-smith47/smartthings-go/subscriptions.go:156.2,157.12 2 1
github.com/tj-smith47/smartthings-go/tokenstore.go:19.57,23.2 1 1
github.com/tj-smith47/smartthings-go/tokenstore.go:26.87,30.19 3 1
github.com/tj-smith47/smartthings-go/tokenstore.go:30.19,32.3 1 0
github.com/tj-smith47/smartthings-go/tokenstore.go:35.2,36.29 2 1
github.com/tj-smith47/smartthings-go/tokenstore.go:36.29,37.48 1 1
github.com/tj-smith47/smartthings-go/tokenstore.go:37.48,39.4 1 0
github.com/tj-smith47/smartthings-go/tokenstore.go:42.2,43.16 2 1
github.com/tj-smith47/smartthings-go/tokenstore.go:43.16,45.3 1 0
github.com/tj-smith47/smartthings-go/tokenstore.go:48.2,49.58 2 1
github.com/tj-smith47/smartthings-go/tokenstore.go:49.58,51.3 1 0
github.com/tj-smith47/smartthings-go/tokenstore.go:53.2,53.55 1 1
github.com/tj-smith47/smartthings-go/tokenstore.go:53.55,57.3 2 0
github.com/tj-smith47/smartthings-go/tokenstore.go:59.2,59.12 1 1
github.com/tj-smith47/smartthings-go/tokenstore.go:63.82,68.16 4 1
github.com/tj-smith47/smartthings-go/tokenstore.go:68.16,69.25 1 1
github.com/tj-smith47/smartthings-go/tokenstore.go:69.25,71.4 1 1
github.com/tj-smith47/smartthings-go/tokenstore.go:72.3,72.63 1 0
github.com/tj-smith47/smartthings-go/tokenstore.go:75.2,76.54 2 1
github.com/tj-smith47/smartthings-go/tokenstore.go:76.54,78.3 1 0
github.com/tj-smith47/smartthings-go/tokenstore.go:80.2,80.21 1 1
github.com/tj-smith47/smartthings-go/tokenstore.go:84.60,88.69 3 1
github.com/tj-smith47/smartthings-go/tokenstore.go:88.69,90.3 1 0
github.com/tj-smith47/smartthings-go/tokenstore.go:91.2,91.12 1 1
github.com/tj-smith47/smartthings-go/tokenstore.go:95.40,101.2 4 1
github.com/tj-smith47/smartthings-go/tokenstore.go:110.46,112.2 1 1
github.com/tj-smith47/smartthings-go/tokenstore.go:115.89,120.2 4 1
github.com/tj-smith47/smartthings-go/tokenstore.go:123.84,127.21 3 1
github.com/tj-smith47/smartthings-go/tokenstore.go:127.21,129.3 1 1
github.com/tj-smith47/smartthings-go/tokenstore.go:130.2,130.22 1 1
github.com/tj-smith47/smartthings-go/tokenstore.go:134.36,138.2 3 1
github.com/tj-smith47/smartthings-go/tv.go:13.43,22.69 2 1
github.com/tj-smith47/smartthings-go/tv.go:22.69,24.3 1 1
github.com/tj-smith47/smartthings-go/tv.go:27.2,27.72 1 1
github.com/tj-smith47/smartthings-go/tv.go:27.72,29.3 1 1
github.com/tj-smith47/smartthings-go/tv.go:32.2,32.69 1 1
github.com/tj-smith47/smartthings-go/tv.go:32.69,34.3 1 1
github.com/tj-smith47/smartthings-go/tv.go:37.2,37.84 1 1
github.com/tj-smith47/smartthings-go/tv.go:37.84,39.3 1 1
github.com/tj-smith47/smartthings-go/tv.go:41.2,41.17 1 1
github.com/tj-smith47/smartthings-go/tv.go:45.89,47.16 2 1
github.com/tj-smith47/smartthings-go/tv.go:47.16,49.3 1 0
github.com/tj-smith47/smartthings-go/tv.go:50.2,50.33 1 1
github.com/tj-smith47/smartthings-go/tv.go:54.82,56.8 2 1
github.com/tj-smith47/smartthings-go/tv.go:56.8,58.3 1 1
github.com/tj-smith47/smartthings-go/tv.go:59.2,59.71 1 1
github.com/tj-smith47/smartthings-go/tv.go:63.86,66.2 2 1
github.com/tj-smith47/smartthings-go/tv.go:69.84,71.11 2 1
github.com/tj-smith47/smartthings-go/tv.go:71.11,73.3 1 1
github.com/tj-smith47/smartthings-go/tv.go:74.2,74.74 1 1
github.com/tj-smith47/smartthings-go/tv.go:78.82,79.19 1 1
github.com/tj-smith47/smartthings-go/tv.go:79.19,81.3 1 1
github.com/tj-smith47/smartthings-go/tv.go:82.2,82.99 1 1
github.com/tj-smith47/smartthings-go/tv.go:86.43,88.104 1 1
github.com/tj-smith47/smartthings-go/tv.go:88.104,90.25 2 1
github.com/tj-smith47/smartthings-go/tv.go:90.25,91.46 1 1
github.com/tj-smith47/smartthings-go/tv.go:91.46,94.17 3 1
github.com/tj-smith47/smartthings-go/tv.go:94.17,95.20 1 1
github.com/tj-smith47/smartthings-go/tv.go:95.20,97.7 1 1
github.com/tj-smith47/smartthings-go/tv.go:98.6,98.58 1 1
github.com/tj-smith47/smartthings-go/tv.go:102.3,102.22 1 1
github.com/tj-smith47/smartthings-go/tv.go:102.22,104.4 1 1
github.com/tj-smith47/smartthings-go/tv.go:108.2,108.91 1 1
github.com/tj-smith47/smartthings-go/tv.go:108.91,110.25 2 1
github.com/tj-smith47/smartthings-go/tv.go:110.25,111.31 1 1
github.com/tj-smith47/smartthings-go/tv.go:111.31,113.5 1 1
github.com/tj-smith47/smartthings-go/tv.go:115.3,115.16 1 1
github.com/tj-smith47/smartthings-go/tv.go:118.2,118.12 1 1
github.com/tj-smith47/smartthings-go/tv.go:122.89,124.16 2 1
github.com/tj-smith47/smartthings-go/tv.go:124.16,126.3 1 0
github.com/tj-smith47/smartthings-go/tv.go:127.2,127.33 1 1
github.com/tj-smith47/smartthings-go/tv.go:132.77,133.15 1 1
github.com/tj-smith47/smartthings-go/tv.go:133.15,135.3 1 0
github.com/tj-smith47/smartthings-go/tv.go:137.2,138.20 2 1
github.com/tj-smith47/smartthings-go/tv.go:138.20,140.3 1 1
github.com/tj-smith47/smartthings-go/tv.go:141.2,141.98 1 1
github.com/tj-smith47/smartthings-go/tv.go:145.88,146.17 1 1
github.com/tj-smith47/smartthings-go/tv.go:146.17,148.3 1 1
github.com/tj-smith47/smartthings-go/tv.go:149.2,149.90 1 1
github.com/tj-smith47/smartthings-go/tv.go:153.74,155.2 1 1
github.com/tj-smith47/smartthings-go/tv.go:158.76,160.2 1 1
github.com/tj-smith47/smartthings-go/tv.go:163.73,165.2 1 1
github.com/tj-smith47/smartthings-go/tv.go:168.75,170.2 1 1
github.com/tj-smith47/smartthings-go/tv.go:173.69,175.2 1 1
github.com/tj-smith47/smartthings-go/tv.go:178.70,180.2 1 1
github.com/tj-smith47/smartthings-go/tv.go:183.69,185.2 1 1
github.com/tj-smith47/smartthings-go/tv.go:188.61,190.9 2 1
github.com/tj-smith47/smartthings-go/tv.go:190.9,192.3 1 1
github.com/tj-smith47/smartthings-go/tv.go:193.2,194.24 2 1
github.com/tj-smith47/smartthings-go/tv.go:194.24,195.30 1 1
github.com/tj-smith47/smartthings-go/tv.go:195.30,197.4 1 1
github.com/tj-smith47/smartthings-go/tv.go:199.2,199.15 1 1
github.com/tj-smith47/smartthings-go/tv.go:205.83,206.16 1 1
github.com/tj-smith47/smartthings-go/tv.go:206.16,208.3 1 1
github.com/tj-smith47/smartthings-go/tv.go:209.2,209.98 1 1
github.com/tj-smith47/smartthings-go/tv.go:213.46,215.2 1 1
github.com/tj-smith47/smartthings-go/tv.go:218.50,221.2 2 1
github.com/tj-smith47/smartthings-go/tv.go:226.81,227.16 1 1
github.com/tj-smith47/smartthings-go/tv.go:227.16,229.3 1 1
github.com/tj-smith47/smartthings-go/tv.go:230.2,230.94 1 1
github.com/tj-smith47/smartthings-go/tv.go:234.44,236.2 1 1
github.com/tj-smith47/smartthings-go/tv.go:239.48,242.2 2 1
github.com/tj-smith47/smartthings-go/tv.go:247.81,248.17 1 1
github.com/tj-smith47/smartthings-go/tv.go:248.17,250.3 1 1
github.com/tj-smith47/smartthings-go/tv.go:251.2,251.92 1 1
github.com/tj-smith47/smartthings-go/tv.go:255.39,259.85 2 1
github.com/tj-smith47/smartthings-go/tv.go:259.85,260.25 1 1
github.com/tj-smith47/smartthings-go/tv.go:260.25,261.44 1 1
github.com/tj-smith47/smartthings-go/tv.go:261.44,264.17 3 1
github.com/tj-smith47/smartthings-go/tv.go:264.17,265.20 1 1
github.com/tj-smith47/smartthings-go/tv.go:265.20,267.7 1 1
github.com/tj-smith47/smartthings-go/tv.go:268.6,268.52 1 1
github.com/tj-smith47/smartthings-go/tv.go:274.2,274.13 1 1
github.com/tj-smith47/smartthings-go/tv.go:279.29,293.2 1 1
github.com/tj-smith47/smartthings-go/virtualdevices.go:85.108,88.17 2 1
github.com/tj-smith47/smartthings-go/virtualdevices.go:88.17,90.28 2 1
github.com/tj-smith47/smartthings-go/virtualdevices.go:90.28,92.4 1 1
github.com/tj-smith47/smartthings-go/virtualdevices.go:93.3,93.22 1 1
github.com/tj-smith47/smartthings-go/virtualdevices.go:93.22,95.4 1 1
github.com/tj-smith47/smartthings-go/virtualdevices.go:98.2,99.16 2 1
github.com/tj-smith47/smartthings-go/virtualdevices.go:99.16,101.3 1 0
github.com/tj-smith47/smartthings-go/virtualdevices.go:103.2,104.52 2 1
github.com/tj-smith47/smartthings-go/virtualdevices.go:104.52,106.3 1 0
github.com/tj-smith47/smartthings-go/virtualdevices.go:108.2,108.24 1 1
github.com/tj-smith47/smartthings-go/virtualdevices.go:112.109,113.34 1 1
github.com/tj-smith47/smartthings-go/virtualdevices.go:113.34,115.3 1 1
github.com/tj-smith47/smartthings-go/virtualdevices.go:117.2,118.16 2 1
github.com/tj-smith47/smartthings-go/virtualdevices.go:118.16,120.3 1 0
github.com/tj-smith47/smartthings-go/virtualdevices.go:122.2,123.54 2 1
github.com/tj-smith47/smartthings-go/virtualdevices.go:123.54,125.3 1 0
github.com/tj-smith47/smartthings-go/virtualdevices.go:127.2,127.21 1 1
github.com/tj-smith47/smartthings-go/virtualdevices.go:132.125,133.34 1 1
github.com/tj-smith47/smartthings-go/virtualdevices.go:133.34,135.3 1 1
github.com/tj-smith47/smartthings-go/virtualdevices.go:136.2,136.25 1 1
github.com/tj-smith47/smartthings-go/virtualdevices.go:136.25,138.3 1 1
github.com/tj-smith47/smartthings-go/virtualdevices.go:140.2,141.16 2 1
github.com/tj-smith47/smartthings-go/virtualdevices.go:141.16,143.3 1 0
github.com/tj-smith47/smartthings-go/virtualdevices.go:145.2,146.54 2 1
github.com/tj-smith47/smartthings-go/virtualdevices.go:146.54,148.3 1 0
github.com/tj-smith47/smartthings-go/virtualdevices.go:150.2,150.21 1 1
github.com/tj-smith47/smartthings-go/virtualdevices.go:155.149,156.20 1 1
github.com/tj-smith47/smartthings-go/virtualdevices.go:156.20,158.3 1 1
github.com/tj-smith47/smartthings-go/virtualdevices.go:159.2,159.22 1 1
github.com/tj-smith47/smartthings-go/virtualdevices.go:159.22,161.3 1 1
github.com/tj-smith47/smartthings-go/virtualdevices.go:163.2,168.16 3 1
github.com/tj-smith47/smartthings-go/virtualdevices.go:168.16,170.3 1 0
github.com/tj-smith47/smartthings-go/virtualdevices.go:172.2,173.52 2 1
github.com/tj-smith47/smartthings-go/virtualdevices.go:173.52,175.3 1 0
github.com/tj-smith47/smartthings-go/virtualdevices.go:177.2,177.19 1 1
github.com/tj-smith47/smartthings-go/webhook.go:162.82,163.55 1 1
github.com/tj-smith47/smartthings-go/webhook.go:163.55,165.3 1 1
github.com/tj-smith47/smartthings-go/webhook.go:167.2,171.56 4 1
github.com/tj-smith47/smartthings-go/webhook.go:177.81,179.16 2 1
github.com/tj-smith47/smartthings-go/webhook.go:179.16,181.3 1 1
github.com/tj-smith47/smartthings-go/webhook.go:183.2,183.20 1 1
github.com/tj-smith47/smartthings-go/webhook.go:183.20,185.3 1 1
github.com/tj-smith47/smartthings-go/webhook.go:188.2,188.18 1 1
github.com/tj-smith47/smartthings-go/webhook.go:188.18,190.22 2 1
github.com/tj-smith47/smartthings-go/webhook.go:190.22,192.4 1 1
github.com/tj-smith47/smartthings-go/webhook.go:193.3,193.57 1 1
github.com/tj-smith47/smartthings-go/webhook.go:193.57,195.4 1 1
github.com/tj-smith47/smartthings-go/webhook.go:198.2,199.53 2 1
github.com/tj-smith47/smartthings-go/webhook.go:199.53,201.3 1 1
github.com/tj-smith47/smartthings-go/webhook.go:203.2,203.20 1 1
github.com/tj-smith47/smartthings-go/webhook.go:207.52,213.2 1 1
